2020-05-20 13:41:23.634 INFO - main.scripts.RunJob insertEvent 25609 main.scripts.RunJob.insertEvent(RunJob.java:187) main traverse entry, batchId=mysql-bin.000001;position=2978246;executeTime=1589953278000
2020-05-20 13:41:23.634 INFO - main.scripts.RunJob insertEvent 25609 main.scripts.RunJob.insertEvent(RunJob.java:194) main the parsed tableName is canalfrombase.canalfromtable
2020-05-20 13:41:23.635 INFO - main.scripts.RunJob insertEvent 25610 main.scripts.RunJob.insertEvent(RunJob.java:183) main entry type is TRANSACTIONEND, ignore this entry
2020-05-20 13:41:23.635 INFO - main.scripts.RunJob insertEvent 25610 main.scripts.RunJob.insertEvent(RunJob.java:183) main entry type is TRANSACTIONBEGIN, ignore this entry
2020-05-20 13:41:23.635 INFO - main.scripts.RunJob insertEvent 25610 main.scripts.RunJob.insertEvent(RunJob.java:187) main traverse entry, batchId=mysql-bin.000001;position=2978560;executeTime=1589953278000
2020-05-20 13:41:23.635 INFO - main.scripts.RunJob insertEvent 25610 main.scripts.RunJob.insertEvent(RunJob.java:194) main the parsed tableName is canalfrombase.canalfromtable
2020-05-20 13:41:23.635 INFO - main.scripts.RunJob insertEvent 25610 main.scripts.RunJob.insertEvent(RunJob.java:183) main entry type is TRANSACTIONEND, ignore this entry
2020-05-20 13:41:23.635 INFO - main.scripts.RunJob insertEvent 25610 main.scripts.RunJob.insertEvent(RunJob.java:183) main entry type is TRANSACTIONBEGIN, ignore this entry
2020-05-20 13:41:23.635 INFO - main.scripts.RunJob insertEvent 25610 main.scripts.RunJob.insertEvent(RunJob.java:187) main traverse entry, batchId=mysql-bin.000001;position=2978874;executeTime=1589953278000
2020-05-20 13:41:23.635 INFO - main.scripts.RunJob insertEvent 25610 main.scripts.RunJob.insertEvent(RunJob.java:194) main the parsed tableName is canalfrombase.canalfromtable
2020-05-20 13:41:23.635 INFO - main.scripts.RunJob insertEvent 25610 main.scripts.RunJob.insertEvent(RunJob.java:183) main entry type is TRANSACTIONEND, ignore this entry
2020-05-20 13:41:23.635 INFO - main.scripts.RunJob insertEvent 25610 main.scripts.RunJob.insertEvent(RunJob.java:183) main entry type is TRANSACTIONBEGIN, ignore this entry
2020-05-20 13:41:23.635 INFO - main.scripts.RunJob insertEvent 25610 main.scripts.RunJob.insertEvent(RunJob.java:187) main traverse entry, batchId=mysql-bin.000001;position=2979188;executeTime=1589953278000
2020-05-20 13:41:23.635 INFO - main.scripts.RunJob insertEvent 25610 main.scripts.RunJob.insertEvent(RunJob.java:194) main the parsed tableName is canalfrombase.canalfromtable
2020-05-20 13:41:23.636 INFO - main.scripts.RunJob insertEvent 25611 main.scripts.RunJob.insertEvent(RunJob.java:183) main entry type is TRANSACTIONEND, ignore this entry
2020-05-20 13:41:23.636 INFO - main.scripts.RunJob insertEvent 25611 main.scripts.RunJob.insertEvent(RunJob.java:183) main entry type is TRANSACTIONBEGIN, ignore this entry
2020-05-20 13:41:23.636 INFO - main.scripts.RunJob insertEvent 25611 main.scripts.RunJob.insertEvent(RunJob.java:187) main traverse entry, batchId=mysql-bin.000001;position=2979502;executeTime=1589953278000
2020-05-20 13:41:23.636 INFO - main.scripts.RunJob insertEvent 25611 main.scripts.RunJob.insertEvent(RunJob.java:194) main the parsed tableName is canalfrombase.canalfromtable
2020-05-20 13:41:23.636 INFO - main.scripts.RunJob insertEvent 25611 main.scripts.RunJob.insertEvent(RunJob.java:183) main entry type is TRANSACTIONEND, ignore this entry
2020-05-20 13:41:23.636 INFO - main.scripts.RunJob insertEvent 25611 main.scripts.RunJob.insertEvent(RunJob.java:183) main entry type is TRANSACTIONBEGIN, ignore this entry
2020-05-20 13:41:23.636 INFO - main.scripts.RunJob insertEvent 25611 main.scripts.RunJob.insertEvent(RunJob.java:187) main traverse entry, batchId=mysql-bin.000001;position=2979816;executeTime=1589953278000
2020-05-20 13:41:23.636 INFO - main.scripts.RunJob insertEvent 25611 main.scripts.RunJob.insertEvent(RunJob.java:194) main the parsed tableName is canalfrombase.canalfromtable
2020-05-20 13:41:23.636 INFO - main.scripts.RunJob insertEvent 25611 main.scripts.RunJob.insertEvent(RunJob.java:183) main entry type is TRANSACTIONEND, ignore this entry
2020-05-20 13:41:23.636 INFO - main.scripts.RunJob insertEvent 25611 main.scripts.RunJob.insertEvent(RunJob.java:183) main entry type is TRANSACTIONBEGIN, ignore this entry
2020-05-20 13:41:23.636 INFO - main.scripts.RunJob insertEvent 25611 main.scripts.RunJob.insertEvent(RunJob.java:187) main traverse entry, batchId=mysql-bin.000001;position=2980130;executeTime=1589953278000
2020-05-20 13:41:23.636 INFO - main.scripts.RunJob insertEvent 25611 main.scripts.RunJob.insertEvent(RunJob.java:194) main the parsed tableName is canalfrombase.canalfromtable
2020-05-20 13:41:23.636 INFO - main.scripts.RunJob insertEvent 25611 main.scripts.RunJob.insertEvent(RunJob.java:183) main entry type is TRANSACTIONEND, ignore this entry
2020-05-20 13:41:23.636 INFO - main.scripts.RunJob insertEvent 25611 main.scripts.RunJob.insertEvent(RunJob.java:183) main entry type is TRANSACTIONBEGIN, ignore this entry
2020-05-20 13:41:23.636 INFO - main.scripts.RunJob insertEvent 25611 main.scripts.RunJob.insertEvent(RunJob.java:187) main traverse entry, batchId=mysql-bin.000001;position=2980444;executeTime=1589953278000
2020-05-20 13:41:23.636 INFO - main.scripts.RunJob insertEvent 25611 main.scripts.RunJob.insertEvent(RunJob.java:194) main the parsed tableName is canalfrombase.canalfromtable
2020-05-20 13:41:23.636 INFO - main.scripts.RunJob insertEvent 25611 main.scripts.RunJob.insertEvent(RunJob.java:183) main entry type is TRANSACTIONEND, ignore this entry
2020-05-20 13:41:23.636 INFO - main.scripts.RunJob insertEvent 25611 main.scripts.RunJob.insertEvent(RunJob.java:183) main entry type is TRANSACTIONBEGIN, ignore this entry
2020-05-20 13:41:23.636 INFO - main.scripts.RunJob insertEvent 25611 main.scripts.RunJob.insertEvent(RunJob.java:187) main traverse entry, batchId=mysql-bin.000001;position=2980758;executeTime=1589953278000
2020-05-20 13:41:23.636 INFO - main.scripts.RunJob insertEvent 25611 main.scripts.RunJob.insertEvent(RunJob.java:194) main the parsed tableName is canalfrombase.canalfromtable
2020-05-20 13:41:23.637 INFO - main.scripts.RunJob insertEvent 25612 main.scripts.RunJob.insertEvent(RunJob.java:183) main entry type is TRANSACTIONEND, ignore this entry
2020-05-20 13:41:23.637 INFO - main.scripts.RunJob insertEvent 25612 main.scripts.RunJob.insertEvent(RunJob.java:183) main entry type is TRANSACTIONBEGIN, ignore this entry
2020-05-20 13:41:23.637 INFO - main.scripts.RunJob insertEvent 25612 main.scripts.RunJob.insertEvent(RunJob.java:187) main traverse entry, batchId=mysql-bin.000001;position=2981072;executeTime=1589953278000
2020-05-20 13:41:23.637 INFO - main.scripts.RunJob insertEvent 25612 main.scripts.RunJob.insertEvent(RunJob.java:194) main the parsed tableName is canalfrombase.canalfromtable
2020-05-20 13:41:23.637 INFO - main.scripts.RunJob insertEvent 25612 main.scripts.RunJob.insertEvent(RunJob.java:183) main entry type is TRANSACTIONEND, ignore this entry
2020-05-20 13:41:23.637 INFO - main.scripts.RunJob insertEvent 25612 main.scripts.RunJob.insertEvent(RunJob.java:183) main entry type is TRANSACTIONBEGIN, ignore this entry
2020-05-20 13:41:23.637 INFO - main.scripts.RunJob insertEvent 25612 main.scripts.RunJob.insertEvent(RunJob.java:187) main traverse entry, batchId=mysql-bin.000001;position=2981386;executeTime=1589953278000
2020-05-20 13:41:23.637 INFO - main.scripts.RunJob insertEvent 25612 main.scripts.RunJob.insertEvent(RunJob.java:194) main the parsed tableName is canalfrombase.canalfromtable
2020-05-20 13:41:23.637 INFO - main.scripts.RunJob insertEvent 25612 main.scripts.RunJob.insertEvent(RunJob.java:183) main entry type is TRANSACTIONEND, ignore this entry
2020-05-20 13:41:23.637 INFO - main.scripts.RunJob insertEvent 25612 main.scripts.RunJob.insertEvent(RunJob.java:183) main entry type is TRANSACTIONBEGIN, ignore this entry
2020-05-20 13:41:23.637 INFO - main.scripts.RunJob insertEvent 25612 main.scripts.RunJob.insertEvent(RunJob.java:187) main traverse entry, batchId=mysql-bin.000001;position=2981700;executeTime=1589953278000
2020-05-20 13:41:23.637 INFO - main.scripts.RunJob insertEvent 25612 main.scripts.RunJob.insertEvent(RunJob.java:194) main the parsed tableName is canalfrombase.canalfromtable
2020-05-20 13:41:23.637 INFO - main.scripts.RunJob insertEvent 25612 main.scripts.RunJob.insertEvent(RunJob.java:183) main entry type is TRANSACTIONEND, ignore this entry
2020-05-20 13:41:23.637 INFO - main.scripts.RunJob insertEvent 25612 main.scripts.RunJob.insertEvent(RunJob.java:183) main entry type is TRANSACTIONBEGIN, ignore this entry
2020-05-20 13:41:23.637 INFO - main.scripts.RunJob insertEvent 25612 main.scripts.RunJob.insertEvent(RunJob.java:187) main traverse entry, batchId=mysql-bin.000001;position=2982014;executeTime=1589953278000
2020-05-20 13:41:23.637 INFO - main.scripts.RunJob insertEvent 25612 main.scripts.RunJob.insertEvent(RunJob.java:194) main the parsed tableName is canalfrombase.canalfromtable
2020-05-20 13:41:23.637 INFO - main.scripts.RunJob insertEvent 25612 main.scripts.RunJob.insertEvent(RunJob.java:183) main entry type is TRANSACTIONEND, ignore this entry
2020-05-20 13:41:23.637 INFO - main.scripts.RunJob insertEvent 25612 main.scripts.RunJob.insertEvent(RunJob.java:183) main entry type is TRANSACTIONBEGIN, ignore this entry
2020-05-20 13:41:23.637 INFO - main.scripts.RunJob insertEvent 25612 main.scripts.RunJob.insertEvent(RunJob.java:187) main traverse entry, batchId=mysql-bin.000001;position=2982328;executeTime=1589953278000
2020-05-20 13:41:23.637 INFO - main.scripts.RunJob insertEvent 25612 main.scripts.RunJob.insertEvent(RunJob.java:194) main the parsed tableName is canalfrombase.canalfromtable
2020-05-20 13:41:23.637 INFO - main.scripts.RunJob insertEvent 25612 main.scripts.RunJob.insertEvent(RunJob.java:183) main entry type is TRANSACTIONEND, ignore this entry
2020-05-20 13:41:23.637 INFO - main.scripts.RunJob insertEvent 25612 main.scripts.RunJob.insertEvent(RunJob.java:183) main entry type is TRANSACTIONBEGIN, ignore this entry
2020-05-20 13:41:23.637 INFO - main.scripts.RunJob insertEvent 25612 main.scripts.RunJob.insertEvent(RunJob.java:187) main traverse entry, batchId=mysql-bin.000001;position=2982642;executeTime=1589953278000
2020-05-20 13:41:23.637 INFO - main.scripts.RunJob insertEvent 25612 main.scripts.RunJob.insertEvent(RunJob.java:194) main the parsed tableName is canalfrombase.canalfromtable
2020-05-20 13:41:23.637 INFO - main.scripts.RunJob insertEvent 25612 main.scripts.RunJob.insertEvent(RunJob.java:183) main entry type is TRANSACTIONEND, ignore this entry
2020-05-20 13:41:23.638 INFO - main.scripts.RunJob insertEvent 25613 main.scripts.RunJob.insertEvent(RunJob.java:183) main entry type is TRANSACTIONBEGIN, ignore this entry
2020-05-20 13:41:23.638 INFO - main.scripts.RunJob insertEvent 25613 main.scripts.RunJob.insertEvent(RunJob.java:187) main traverse entry, batchId=mysql-bin.000001;position=2982956;executeTime=1589953279000
2020-05-20 13:41:23.638 INFO - main.scripts.RunJob insertEvent 25613 main.scripts.RunJob.insertEvent(RunJob.java:194) main the parsed tableName is canalfrombase.canalfromtable
2020-05-20 13:41:23.638 INFO - main.scripts.RunJob insertEvent 25613 main.scripts.RunJob.insertEvent(RunJob.java:183) main entry type is TRANSACTIONEND, ignore this entry
2020-05-20 13:41:23.638 INFO - main.scripts.RunJob insertEvent 25613 main.scripts.RunJob.insertEvent(RunJob.java:183) main entry type is TRANSACTIONBEGIN, ignore this entry
2020-05-20 13:41:23.638 INFO - main.scripts.RunJob insertEvent 25613 main.scripts.RunJob.insertEvent(RunJob.java:187) main traverse entry, batchId=mysql-bin.000001;position=2983270;executeTime=1589953279000
2020-05-20 13:41:23.638 INFO - main.scripts.RunJob insertEvent 25613 main.scripts.RunJob.insertEvent(RunJob.java:194) main the parsed tableName is canalfrombase.canalfromtable
2020-05-20 13:41:23.638 INFO - main.scripts.RunJob insertEvent 25613 main.scripts.RunJob.insertEvent(RunJob.java:183) main entry type is TRANSACTIONEND, ignore this entry
2020-05-20 13:41:23.638 INFO - main.scripts.RunJob insertEvent 25613 main.scripts.RunJob.insertEvent(RunJob.java:183) main entry type is TRANSACTIONBEGIN, ignore this entry
2020-05-20 13:41:23.638 INFO - main.scripts.RunJob insertEvent 25613 main.scripts.RunJob.insertEvent(RunJob.java:187) main traverse entry, batchId=mysql-bin.000001;position=2983584;executeTime=1589953279000
2020-05-20 13:41:23.638 INFO - main.scripts.RunJob insertEvent 25613 main.scripts.RunJob.insertEvent(RunJob.java:194) main the parsed tableName is canalfrombase.canalfromtable
2020-05-20 13:41:23.638 INFO - main.scripts.RunJob insertEvent 25613 main.scripts.RunJob.insertEvent(RunJob.java:183) main entry type is TRANSACTIONEND, ignore this entry
2020-05-20 13:41:23.638 INFO - main.scripts.RunJob doit 25613 main.scripts.RunJob.doit(RunJob.java:70) main ready to get 1000 data
2020-05-20 13:41:23.727 INFO - main.scripts.RunJob doit 25702 main.scripts.RunJob.doit(RunJob.java:76) main 80 entries got, batchId is 1077
2020-05-20 13:41:23.729 INFO - main.scripts.RunJob doit 25704 main.scripts.RunJob.doit(RunJob.java:88) main create schemas from xml file
2020-05-20 13:41:23.729 INFO - config.ConfigClass getColumns 25704 config.ConfigClass.getColumns(ConfigClass.java:125) main parsed columns of table in xml done
2020-05-20 13:41:23.730 INFO - config.ConfigClass getColumns 25705 config.ConfigClass.getColumns(ConfigClass.java:125) main parsed columns of table in xml done
2020-05-20 13:41:23.730 INFO - config.ConfigClass getTables 25705 config.ConfigClass.getTables(ConfigClass.java:148) main parsed tables in xml
2020-05-20 13:41:23.730 INFO - config.ConfigClass getColumns 25705 config.ConfigClass.getColumns(ConfigClass.java:125) main parsed columns of table in xml done
2020-05-20 13:41:23.730 INFO - config.ConfigClass getTables 25705 config.ConfigClass.getTables(ConfigClass.java:148) main parsed tables in xml
2020-05-20 13:41:23.730 INFO - config.ConfigClass getSchemas 25705 config.ConfigClass.getSchemas(ConfigClass.java:106) main 2 schemas parsed out
2020-05-20 13:41:23.730 INFO - main.scripts.RunJob doit 25705 main.scripts.RunJob.doit(RunJob.java:90) main ready to run insert
2020-05-20 13:41:23.730 INFO - main.scripts.RunJob insertEvent 25705 main.scripts.RunJob.insertEvent(RunJob.java:150) main traverse schemas
2020-05-20 13:41:23.730 INFO - main.scripts.RunJob insertEvent 25705 main.scripts.RunJob.insertEvent(RunJob.java:153) main traverse table of canalfrombase
2020-05-20 13:41:23.730 INFO - main.scripts.RunJob insertEvent 25705 main.scripts.RunJob.insertEvent(RunJob.java:156) main current table is canalfrombase.canalfromtable
2020-05-20 13:41:23.730 INFO - main.scripts.RunJob insertEvent 25705 main.scripts.RunJob.insertEvent(RunJob.java:158) main data of canalfrombase.canalfromtable will be loaded to canaltobase.canaltotable2
2020-05-20 13:41:23.730 INFO - main.scripts.RunJob insertEvent 25705 main.scripts.RunJob.insertEvent(RunJob.java:161) main execute 5 rows each insert
2020-05-20 13:41:23.730 INFO - main.scripts.RunJob insertEvent 25705 main.scripts.RunJob.insertEvent(RunJob.java:164) main mysql connection name is klingon
2020-05-20 13:41:23.730 INFO - main.scripts.RunJob insertEvent 25705 main.scripts.RunJob.insertEvent(RunJob.java:174) main columns id,name,age,country,province,city,etl_id,log_time,rec_time,proc_batch,flag are to load data
2020-05-20 13:41:23.731 INFO - main.scripts.RunJob insertEvent 25706 main.scripts.RunJob.insertEvent(RunJob.java:183) main entry type is TRANSACTIONBEGIN, ignore this entry
2020-05-20 13:41:23.731 INFO - main.scripts.RunJob insertEvent 25706 main.scripts.RunJob.insertEvent(RunJob.java:187) main traverse entry, batchId=mysql-bin.000001;position=2983898;executeTime=1589953279000
2020-05-20 13:41:23.731 INFO - main.scripts.RunJob insertEvent 25706 main.scripts.RunJob.insertEvent(RunJob.java:194) main the parsed tableName is canalfrombase.canalfromtable
2020-05-20 13:41:23.731 INFO - main.scripts.RunJob insertEvent 25706 main.scripts.RunJob.insertEvent(RunJob.java:220) main insert_columns=("5654","dr3i","78","chna","1","2","d6881fde9a0c4d42b623128693271146","1589953279000","2020-05-20 13:41:23","1","0")
2020-05-20 13:41:23.732 INFO - main.scripts.RunJob insertEvent 25707 main.scripts.RunJob.insertEvent(RunJob.java:183) main entry type is TRANSACTIONEND, ignore this entry
2020-05-20 13:41:23.732 INFO - main.scripts.RunJob insertEvent 25707 main.scripts.RunJob.insertEvent(RunJob.java:183) main entry type is TRANSACTIONBEGIN, ignore this entry
2020-05-20 13:41:23.732 INFO - main.scripts.RunJob insertEvent 25707 main.scripts.RunJob.insertEvent(RunJob.java:187) main traverse entry, batchId=mysql-bin.000001;position=2984212;executeTime=1589953279000
2020-05-20 13:41:23.732 INFO - main.scripts.RunJob insertEvent 25707 main.scripts.RunJob.insertEvent(RunJob.java:194) main the parsed tableName is canalfrombase.canalfromtable
2020-05-20 13:41:23.732 INFO - main.scripts.RunJob insertEvent 25707 main.scripts.RunJob.insertEvent(RunJob.java:220) main insert_columns=("5655","dr3i","79","chna","1","2","6cfda3d05f1e4c518929757c5746d4e3","1589953279000","2020-05-20 13:41:23","1","0")
2020-05-20 13:41:23.732 INFO - main.scripts.RunJob insertEvent 25707 main.scripts.RunJob.insertEvent(RunJob.java:183) main entry type is TRANSACTIONEND, ignore this entry
2020-05-20 13:41:23.732 INFO - main.scripts.RunJob insertEvent 25707 main.scripts.RunJob.insertEvent(RunJob.java:183) main entry type is TRANSACTIONBEGIN, ignore this entry
2020-05-20 13:41:23.732 INFO - main.scripts.RunJob insertEvent 25707 main.scripts.RunJob.insertEvent(RunJob.java:187) main traverse entry, batchId=mysql-bin.000001;position=2984526;executeTime=1589953279000
2020-05-20 13:41:23.732 INFO - main.scripts.RunJob insertEvent 25707 main.scripts.RunJob.insertEvent(RunJob.java:194) main the parsed tableName is canalfrombase.canalfromtable
2020-05-20 13:41:23.733 INFO - main.scripts.RunJob insertEvent 25708 main.scripts.RunJob.insertEvent(RunJob.java:220) main insert_columns=("5656","dr3i","80","chna","1","2","c3828482dcd8486f9db140f6bd73081a","1589953279000","2020-05-20 13:41:23","1","0")
2020-05-20 13:41:23.733 INFO - main.scripts.RunJob insertEvent 25708 main.scripts.RunJob.insertEvent(RunJob.java:183) main entry type is TRANSACTIONEND, ignore this entry
2020-05-20 13:41:23.733 INFO - main.scripts.RunJob insertEvent 25708 main.scripts.RunJob.insertEvent(RunJob.java:183) main entry type is TRANSACTIONBEGIN, ignore this entry
2020-05-20 13:41:23.733 INFO - main.scripts.RunJob insertEvent 25708 main.scripts.RunJob.insertEvent(RunJob.java:187) main traverse entry, batchId=mysql-bin.000001;position=2984840;executeTime=1589953279000
2020-05-20 13:41:23.733 INFO - main.scripts.RunJob insertEvent 25708 main.scripts.RunJob.insertEvent(RunJob.java:194) main the parsed tableName is canalfrombase.canalfromtable
2020-05-20 13:41:23.733 INFO - main.scripts.RunJob insertEvent 25708 main.scripts.RunJob.insertEvent(RunJob.java:220) main insert_columns=("5657","dr3i","81","chna","1","2","834d7daaeeab4718aa748a671d09b4e6","1589953279000","2020-05-20 13:41:23","1","0")
2020-05-20 13:41:23.733 INFO - main.scripts.RunJob insertEvent 25708 main.scripts.RunJob.insertEvent(RunJob.java:183) main entry type is TRANSACTIONEND, ignore this entry
2020-05-20 13:41:23.733 INFO - main.scripts.RunJob insertEvent 25708 main.scripts.RunJob.insertEvent(RunJob.java:183) main entry type is TRANSACTIONBEGIN, ignore this entry
2020-05-20 13:41:23.733 INFO - main.scripts.RunJob insertEvent 25708 main.scripts.RunJob.insertEvent(RunJob.java:187) main traverse entry, batchId=mysql-bin.000001;position=2985154;executeTime=1589953279000
2020-05-20 13:41:23.734 INFO - main.scripts.RunJob insertEvent 25709 main.scripts.RunJob.insertEvent(RunJob.java:194) main the parsed tableName is canalfrombase.canalfromtable
2020-05-20 13:41:23.734 INFO - main.scripts.RunJob insertEvent 25709 main.scripts.RunJob.insertEvent(RunJob.java:220) main insert_columns=("5658","dr3i","82","chna","1","2","0c0c0d45de32477bbe667584671eba7a","1589953279000","2020-05-20 13:41:23","1","0")
2020-05-20 13:41:23.734 INFO - main.scripts.RunJob insertEvent 25709 main.scripts.RunJob.insertEvent(RunJob.java:223) main valueRows match the insertSize, ready to insert1
2020-05-20 13:41:23.860 INFO - main.scripts.RunJob insertEvent 25835 main.scripts.RunJob.insertEvent(RunJob.java:225) main mysql_connection_args=mycanal:1111@111.231.66.20:3306/canaltobase
2020-05-20 13:41:23.860 INFO - main.scripts.RunJob insertEvent 25835 main.scripts.RunJob.insertEvent(RunJob.java:233) main sql=insert into canaltobase.canaltotable2(id,name,age,country,province,city,etl_id,log_time,rec_time,proc_batch,flag) values("5654","dr3i","78","chna","1","2","d6881fde9a0c4d42b623128693271146","1589953279000","2020-05-20 13:41:23","1","0"),("5655","dr3i","79","chna","1","2","6cfda3d05f1e4c518929757c5746d4e3","1589953279000","2020-05-20 13:41:23","1","0"),("5656","dr3i","80","chna","1","2","c3828482dcd8486f9db140f6bd73081a","1589953279000","2020-05-20 13:41:23","1","0"),("5657","dr3i","81","chna","1","2","834d7daaeeab4718aa748a671d09b4e6","1589953279000","2020-05-20 13:41:23","1","0"),("5658","dr3i","82","chna","1","2","0c0c0d45de32477bbe667584671eba7a","1589953279000","2020-05-20 13:41:23","1","0");
2020-05-20 13:41:23.890 INFO - main.scripts.RunJob insertEvent 25865 main.scripts.RunJob.insertEvent(RunJob.java:183) main entry type is TRANSACTIONEND, ignore this entry
2020-05-20 13:41:23.890 INFO - main.scripts.RunJob insertEvent 25865 main.scripts.RunJob.insertEvent(RunJob.java:183) main entry type is TRANSACTIONBEGIN, ignore this entry
2020-05-20 13:41:23.890 INFO - main.scripts.RunJob insertEvent 25865 main.scripts.RunJob.insertEvent(RunJob.java:187) main traverse entry, batchId=mysql-bin.000001;position=2985468;executeTime=1589953279000
2020-05-20 13:41:23.890 INFO - main.scripts.RunJob insertEvent 25865 main.scripts.RunJob.insertEvent(RunJob.java:194) main the parsed tableName is canalfrombase.canalfromtable
2020-05-20 13:41:23.891 INFO - main.scripts.RunJob insertEvent 25866 main.scripts.RunJob.insertEvent(RunJob.java:220) main insert_columns=("5659","dr3i","83","chna","1","2","4d561ec3f8e94a288a1b350e6ab7dccc","1589953279000","2020-05-20 13:41:23","2","0")
2020-05-20 13:41:23.891 INFO - main.scripts.RunJob insertEvent 25866 main.scripts.RunJob.insertEvent(RunJob.java:183) main entry type is TRANSACTIONEND, ignore this entry
2020-05-20 13:41:23.891 INFO - main.scripts.RunJob insertEvent 25866 main.scripts.RunJob.insertEvent(RunJob.java:183) main entry type is TRANSACTIONBEGIN, ignore this entry
2020-05-20 13:41:23.891 INFO - main.scripts.RunJob insertEvent 25866 main.scripts.RunJob.insertEvent(RunJob.java:187) main traverse entry, batchId=mysql-bin.000001;position=2985782;executeTime=1589953279000
2020-05-20 13:41:23.891 INFO - main.scripts.RunJob insertEvent 25866 main.scripts.RunJob.insertEvent(RunJob.java:194) main the parsed tableName is canalfrombase.canalfromtable
2020-05-20 13:41:23.891 INFO - main.scripts.RunJob insertEvent 25866 main.scripts.RunJob.insertEvent(RunJob.java:220) main insert_columns=("5660","dr3i","84","chna","1","2","028faa4187484bd88cc598728bd33808","1589953279000","2020-05-20 13:41:23","2","0")
2020-05-20 13:41:23.891 INFO - main.scripts.RunJob insertEvent 25866 main.scripts.RunJob.insertEvent(RunJob.java:183) main entry type is TRANSACTIONEND, ignore this entry
2020-05-20 13:41:23.891 INFO - main.scripts.RunJob insertEvent 25866 main.scripts.RunJob.insertEvent(RunJob.java:183) main entry type is TRANSACTIONBEGIN, ignore this entry
2020-05-20 13:41:23.891 INFO - main.scripts.RunJob insertEvent 25866 main.scripts.RunJob.insertEvent(RunJob.java:187) main traverse entry, batchId=mysql-bin.000001;position=2986096;executeTime=1589953279000
2020-05-20 13:41:23.891 INFO - main.scripts.RunJob insertEvent 25866 main.scripts.RunJob.insertEvent(RunJob.java:194) main the parsed tableName is canalfrombase.canalfromtable
2020-05-20 13:41:23.891 INFO - main.scripts.RunJob insertEvent 25866 main.scripts.RunJob.insertEvent(RunJob.java:220) main insert_columns=("5661","dr3i","85","chna","1","2","e3182283b52d45d8b0f21ad6d98dae00","1589953279000","2020-05-20 13:41:23","2","0")
2020-05-20 13:41:23.892 INFO - main.scripts.RunJob insertEvent 25867 main.scripts.RunJob.insertEvent(RunJob.java:183) main entry type is TRANSACTIONEND, ignore this entry
2020-05-20 13:41:23.892 INFO - main.scripts.RunJob insertEvent 25867 main.scripts.RunJob.insertEvent(RunJob.java:183) main entry type is TRANSACTIONBEGIN, ignore this entry
2020-05-20 13:41:23.892 INFO - main.scripts.RunJob insertEvent 25867 main.scripts.RunJob.insertEvent(RunJob.java:187) main traverse entry, batchId=mysql-bin.000001;position=2986410;executeTime=1589953279000
2020-05-20 13:41:23.892 INFO - main.scripts.RunJob insertEvent 25867 main.scripts.RunJob.insertEvent(RunJob.java:194) main the parsed tableName is canalfrombase.canalfromtable
2020-05-20 13:41:23.892 INFO - main.scripts.RunJob insertEvent 25867 main.scripts.RunJob.insertEvent(RunJob.java:220) main insert_columns=("5662","dr3i","86","chna","1","2","10a6654703504e63b00142724659b60c","1589953279000","2020-05-20 13:41:23","2","0")
2020-05-20 13:41:23.892 INFO - main.scripts.RunJob insertEvent 25867 main.scripts.RunJob.insertEvent(RunJob.java:183) main entry type is TRANSACTIONEND, ignore this entry
2020-05-20 13:41:23.892 INFO - main.scripts.RunJob insertEvent 25867 main.scripts.RunJob.insertEvent(RunJob.java:183) main entry type is TRANSACTIONBEGIN, ignore this entry
2020-05-20 13:41:23.892 INFO - main.scripts.RunJob insertEvent 25867 main.scripts.RunJob.insertEvent(RunJob.java:187) main traverse entry, batchId=mysql-bin.000001;position=2986724;executeTime=1589953279000
2020-05-20 13:41:23.892 INFO - main.scripts.RunJob insertEvent 25867 main.scripts.RunJob.insertEvent(RunJob.java:194) main the parsed tableName is canalfrombase.canalfromtable
2020-05-20 13:41:23.892 INFO - main.scripts.RunJob insertEvent 25867 main.scripts.RunJob.insertEvent(RunJob.java:220) main insert_columns=("5663","dr3i","87","chna","1","2","6263389bb43e4689bbd56e36148e518a","1589953279000","2020-05-20 13:41:23","2","0")
2020-05-20 13:41:23.892 INFO - main.scripts.RunJob insertEvent 25867 main.scripts.RunJob.insertEvent(RunJob.java:223) main valueRows match the insertSize, ready to insert2
2020-05-20 13:41:24.029 INFO - main.scripts.RunJob insertEvent 26004 main.scripts.RunJob.insertEvent(RunJob.java:225) main mysql_connection_args=mycanal:1111@111.231.66.20:3306/canaltobase
2020-05-20 13:41:24.029 INFO - main.scripts.RunJob insertEvent 26004 main.scripts.RunJob.insertEvent(RunJob.java:233) main sql=insert into canaltobase.canaltotable2(id,name,age,country,province,city,etl_id,log_time,rec_time,proc_batch,flag) values("5659","dr3i","83","chna","1","2","4d561ec3f8e94a288a1b350e6ab7dccc","1589953279000","2020-05-20 13:41:23","2","0"),("5660","dr3i","84","chna","1","2","028faa4187484bd88cc598728bd33808","1589953279000","2020-05-20 13:41:23","2","0"),("5661","dr3i","85","chna","1","2","e3182283b52d45d8b0f21ad6d98dae00","1589953279000","2020-05-20 13:41:23","2","0"),("5662","dr3i","86","chna","1","2","10a6654703504e63b00142724659b60c","1589953279000","2020-05-20 13:41:23","2","0"),("5663","dr3i","87","chna","1","2","6263389bb43e4689bbd56e36148e518a","1589953279000","2020-05-20 13:41:23","2","0");
2020-05-20 13:41:24.076 INFO - main.scripts.RunJob insertEvent 26051 main.scripts.RunJob.insertEvent(RunJob.java:183) main entry type is TRANSACTIONEND, ignore this entry
2020-05-20 13:41:24.076 INFO - main.scripts.RunJob insertEvent 26051 main.scripts.RunJob.insertEvent(RunJob.java:183) main entry type is TRANSACTIONBEGIN, ignore this entry
2020-05-20 13:41:24.076 INFO - main.scripts.RunJob insertEvent 26051 main.scripts.RunJob.insertEvent(RunJob.java:187) main traverse entry, batchId=mysql-bin.000001;position=2987038;executeTime=1589953279000
2020-05-20 13:41:24.076 INFO - main.scripts.RunJob insertEvent 26051 main.scripts.RunJob.insertEvent(RunJob.java:194) main the parsed tableName is canalfrombase.canalfromtable
2020-05-20 13:41:24.077 INFO - main.scripts.RunJob insertEvent 26052 main.scripts.RunJob.insertEvent(RunJob.java:220) main insert_columns=("5664","dr3i","88","chna","1","2","7b730f0b06674d4c99b43104d944ca20","1589953279000","2020-05-20 13:41:24","3","0")
2020-05-20 13:41:24.077 INFO - main.scripts.RunJob insertEvent 26052 main.scripts.RunJob.insertEvent(RunJob.java:183) main entry type is TRANSACTIONEND, ignore this entry
2020-05-20 13:41:24.077 INFO - main.scripts.RunJob insertEvent 26052 main.scripts.RunJob.insertEvent(RunJob.java:183) main entry type is TRANSACTIONBEGIN, ignore this entry
2020-05-20 13:41:24.077 INFO - main.scripts.RunJob insertEvent 26052 main.scripts.RunJob.insertEvent(RunJob.java:187) main traverse entry, batchId=mysql-bin.000001;position=2987352;executeTime=1589953279000
2020-05-20 13:41:24.077 INFO - main.scripts.RunJob insertEvent 26052 main.scripts.RunJob.insertEvent(RunJob.java:194) main the parsed tableName is canalfrombase.canalfromtable
2020-05-20 13:41:24.078 INFO - main.scripts.RunJob insertEvent 26053 main.scripts.RunJob.insertEvent(RunJob.java:220) main insert_columns=("5665","dr3i","89","chna","1","2","5375b101fec049e7894bfa961c385f28","1589953279000","2020-05-20 13:41:24","3","0")
2020-05-20 13:41:24.078 INFO - main.scripts.RunJob insertEvent 26053 main.scripts.RunJob.insertEvent(RunJob.java:183) main entry type is TRANSACTIONEND, ignore this entry
2020-05-20 13:41:24.078 INFO - main.scripts.RunJob insertEvent 26053 main.scripts.RunJob.insertEvent(RunJob.java:183) main entry type is TRANSACTIONBEGIN, ignore this entry
2020-05-20 13:41:24.078 INFO - main.scripts.RunJob insertEvent 26053 main.scripts.RunJob.insertEvent(RunJob.java:187) main traverse entry, batchId=mysql-bin.000001;position=2987666;executeTime=1589953279000
2020-05-20 13:41:24.078 INFO - main.scripts.RunJob insertEvent 26053 main.scripts.RunJob.insertEvent(RunJob.java:194) main the parsed tableName is canalfrombase.canalfromtable
2020-05-20 13:41:24.079 INFO - main.scripts.RunJob insertEvent 26054 main.scripts.RunJob.insertEvent(RunJob.java:220) main insert_columns=("5666","dr3i","90","chna","1","2","b89bc133596744bfbc5d2331734f0696","1589953279000","2020-05-20 13:41:24","3","0")
2020-05-20 13:41:24.079 INFO - main.scripts.RunJob insertEvent 26054 main.scripts.RunJob.insertEvent(RunJob.java:183) main entry type is TRANSACTIONEND, ignore this entry
2020-05-20 13:41:24.079 INFO - main.scripts.RunJob insertEvent 26054 main.scripts.RunJob.insertEvent(RunJob.java:183) main entry type is TRANSACTIONBEGIN, ignore this entry
2020-05-20 13:41:24.079 INFO - main.scripts.RunJob insertEvent 26054 main.scripts.RunJob.insertEvent(RunJob.java:187) main traverse entry, batchId=mysql-bin.000001;position=2987980;executeTime=1589953280000
2020-05-20 13:41:24.079 INFO - main.scripts.RunJob insertEvent 26054 main.scripts.RunJob.insertEvent(RunJob.java:194) main the parsed tableName is canalfrombase.canalfromtable
2020-05-20 13:41:24.080 INFO - main.scripts.RunJob insertEvent 26055 main.scripts.RunJob.insertEvent(RunJob.java:220) main insert_columns=("5667","dr3i","91","chna","1","2","acc643bc5e184daa9eeeae58a6fb1660","1589953280000","2020-05-20 13:41:24","3","0")
2020-05-20 13:41:24.080 INFO - main.scripts.RunJob insertEvent 26055 main.scripts.RunJob.insertEvent(RunJob.java:183) main entry type is TRANSACTIONEND, ignore this entry
2020-05-20 13:41:24.080 INFO - main.scripts.RunJob insertEvent 26055 main.scripts.RunJob.insertEvent(RunJob.java:183) main entry type is TRANSACTIONBEGIN, ignore this entry
2020-05-20 13:41:24.080 INFO - main.scripts.RunJob insertEvent 26055 main.scripts.RunJob.insertEvent(RunJob.java:187) main traverse entry, batchId=mysql-bin.000001;position=2988294;executeTime=1589953280000
2020-05-20 13:41:24.080 INFO - main.scripts.RunJob insertEvent 26055 main.scripts.RunJob.insertEvent(RunJob.java:194) main the parsed tableName is canalfrombase.canalfromtable
2020-05-20 13:41:24.080 INFO - main.scripts.RunJob insertEvent 26055 main.scripts.RunJob.insertEvent(RunJob.java:220) main insert_columns=("5668","dr3i","92","chna","1","2","0f26db050c29482f90b1415fc82508a5","1589953280000","2020-05-20 13:41:24","3","0")
2020-05-20 13:41:24.081 INFO - main.scripts.RunJob insertEvent 26056 main.scripts.RunJob.insertEvent(RunJob.java:223) main valueRows match the insertSize, ready to insert3
2020-05-20 13:41:24.229 INFO - main.scripts.RunJob insertEvent 26204 main.scripts.RunJob.insertEvent(RunJob.java:225) main mysql_connection_args=mycanal:1111@111.231.66.20:3306/canaltobase
2020-05-20 13:41:24.230 INFO - main.scripts.RunJob insertEvent 26205 main.scripts.RunJob.insertEvent(RunJob.java:233) main sql=insert into canaltobase.canaltotable2(id,name,age,country,province,city,etl_id,log_time,rec_time,proc_batch,flag) values("5664","dr3i","88","chna","1","2","7b730f0b06674d4c99b43104d944ca20","1589953279000","2020-05-20 13:41:24","3","0"),("5665","dr3i","89","chna","1","2","5375b101fec049e7894bfa961c385f28","1589953279000","2020-05-20 13:41:24","3","0"),("5666","dr3i","90","chna","1","2","b89bc133596744bfbc5d2331734f0696","1589953279000","2020-05-20 13:41:24","3","0"),("5667","dr3i","91","chna","1","2","acc643bc5e184daa9eeeae58a6fb1660","1589953280000","2020-05-20 13:41:24","3","0"),("5668","dr3i","92","chna","1","2","0f26db050c29482f90b1415fc82508a5","1589953280000","2020-05-20 13:41:24","3","0");
2020-05-20 13:41:24.276 INFO - main.scripts.RunJob insertEvent 26251 main.scripts.RunJob.insertEvent(RunJob.java:183) main entry type is TRANSACTIONEND, ignore this entry
2020-05-20 13:41:24.276 INFO - main.scripts.RunJob insertEvent 26251 main.scripts.RunJob.insertEvent(RunJob.java:183) main entry type is TRANSACTIONBEGIN, ignore this entry
2020-05-20 13:41:24.277 INFO - main.scripts.RunJob insertEvent 26252 main.scripts.RunJob.insertEvent(RunJob.java:187) main traverse entry, batchId=mysql-bin.000001;position=2988608;executeTime=1589953280000
2020-05-20 13:41:24.277 INFO - main.scripts.RunJob insertEvent 26252 main.scripts.RunJob.insertEvent(RunJob.java:194) main the parsed tableName is canalfrombase.canalfromtable
2020-05-20 13:41:24.277 INFO - main.scripts.RunJob insertEvent 26252 main.scripts.RunJob.insertEvent(RunJob.java:220) main insert_columns=("5669","dr3i","93","chna","1","2","30036a90da1146ddb898e0b329c9a1ef","1589953280000","2020-05-20 13:41:24","4","0")
2020-05-20 13:41:24.277 INFO - main.scripts.RunJob insertEvent 26252 main.scripts.RunJob.insertEvent(RunJob.java:183) main entry type is TRANSACTIONEND, ignore this entry
2020-05-20 13:41:24.277 INFO - main.scripts.RunJob insertEvent 26252 main.scripts.RunJob.insertEvent(RunJob.java:183) main entry type is TRANSACTIONBEGIN, ignore this entry
2020-05-20 13:41:24.278 INFO - main.scripts.RunJob insertEvent 26253 main.scripts.RunJob.insertEvent(RunJob.java:187) main traverse entry, batchId=mysql-bin.000001;position=2988922;executeTime=1589953280000
2020-05-20 13:41:24.278 INFO - main.scripts.RunJob insertEvent 26253 main.scripts.RunJob.insertEvent(RunJob.java:194) main the parsed tableName is canalfrombase.canalfromtable
2020-05-20 13:41:24.278 INFO - main.scripts.RunJob insertEvent 26253 main.scripts.RunJob.insertEvent(RunJob.java:220) main insert_columns=("5670","dr3i","94","chna","1","2","a1d3aac65b114a208461b76c84ee7724","1589953280000","2020-05-20 13:41:24","4","0")
2020-05-20 13:41:24.278 INFO - main.scripts.RunJob insertEvent 26253 main.scripts.RunJob.insertEvent(RunJob.java:183) main entry type is TRANSACTIONEND, ignore this entry
2020-05-20 13:41:24.278 INFO - main.scripts.RunJob insertEvent 26253 main.scripts.RunJob.insertEvent(RunJob.java:183) main entry type is TRANSACTIONBEGIN, ignore this entry
2020-05-20 13:41:24.279 INFO - main.scripts.RunJob insertEvent 26254 main.scripts.RunJob.insertEvent(RunJob.java:187) main traverse entry, batchId=mysql-bin.000001;position=2989236;executeTime=1589953280000
2020-05-20 13:41:24.279 INFO - main.scripts.RunJob insertEvent 26254 main.scripts.RunJob.insertEvent(RunJob.java:194) main the parsed tableName is canalfrombase.canalfromtable
2020-05-20 13:41:24.279 INFO - main.scripts.RunJob insertEvent 26254 main.scripts.RunJob.insertEvent(RunJob.java:220) main insert_columns=("5671","dr3i","95","chna","1","2","51e8a80dafbf45cc98623ff921acbfcc","1589953280000","2020-05-20 13:41:24","4","0")
2020-05-20 13:41:24.279 INFO - main.scripts.RunJob insertEvent 26254 main.scripts.RunJob.insertEvent(RunJob.java:183) main entry type is TRANSACTIONEND, ignore this entry
2020-05-20 13:41:24.279 INFO - main.scripts.RunJob insertEvent 26254 main.scripts.RunJob.insertEvent(RunJob.java:183) main entry type is TRANSACTIONBEGIN, ignore this entry
2020-05-20 13:41:24.280 INFO - main.scripts.RunJob insertEvent 26255 main.scripts.RunJob.insertEvent(RunJob.java:187) main traverse entry, batchId=mysql-bin.000001;position=2989550;executeTime=1589953280000
2020-05-20 13:41:24.280 INFO - main.scripts.RunJob insertEvent 26255 main.scripts.RunJob.insertEvent(RunJob.java:194) main the parsed tableName is canalfrombase.canalfromtable
2020-05-20 13:41:24.280 INFO - main.scripts.RunJob insertEvent 26255 main.scripts.RunJob.insertEvent(RunJob.java:220) main insert_columns=("5672","dr3i","96","chna","1","2","59ba201a72e54638a4086e92f4677083","1589953280000","2020-05-20 13:41:24","4","0")
2020-05-20 13:41:24.280 INFO - main.scripts.RunJob insertEvent 26255 main.scripts.RunJob.insertEvent(RunJob.java:183) main entry type is TRANSACTIONEND, ignore this entry
2020-05-20 13:41:24.281 INFO - main.scripts.RunJob insertEvent 26256 main.scripts.RunJob.insertEvent(RunJob.java:183) main entry type is TRANSACTIONBEGIN, ignore this entry
2020-05-20 13:41:24.281 INFO - main.scripts.RunJob insertEvent 26256 main.scripts.RunJob.insertEvent(RunJob.java:187) main traverse entry, batchId=mysql-bin.000001;position=2989864;executeTime=1589953280000
2020-05-20 13:41:24.281 INFO - main.scripts.RunJob insertEvent 26256 main.scripts.RunJob.insertEvent(RunJob.java:194) main the parsed tableName is canalfrombase.canalfromtable
2020-05-20 13:41:24.281 INFO - main.scripts.RunJob insertEvent 26256 main.scripts.RunJob.insertEvent(RunJob.java:220) main insert_columns=("5673","dr3i","97","chna","1","2","e9510b0568b54072a66ebdfc138f609c","1589953280000","2020-05-20 13:41:24","4","0")
2020-05-20 13:41:24.281 INFO - main.scripts.RunJob insertEvent 26256 main.scripts.RunJob.insertEvent(RunJob.java:223) main valueRows match the insertSize, ready to insert4
2020-05-20 13:41:24.498 INFO - main.scripts.RunJob insertEvent 26473 main.scripts.RunJob.insertEvent(RunJob.java:225) main mysql_connection_args=mycanal:1111@111.231.66.20:3306/canaltobase
2020-05-20 13:41:24.498 INFO - main.scripts.RunJob insertEvent 26473 main.scripts.RunJob.insertEvent(RunJob.java:233) main sql=insert into canaltobase.canaltotable2(id,name,age,country,province,city,etl_id,log_time,rec_time,proc_batch,flag) values("5669","dr3i","93","chna","1","2","30036a90da1146ddb898e0b329c9a1ef","1589953280000","2020-05-20 13:41:24","4","0"),("5670","dr3i","94","chna","1","2","a1d3aac65b114a208461b76c84ee7724","1589953280000","2020-05-20 13:41:24","4","0"),("5671","dr3i","95","chna","1","2","51e8a80dafbf45cc98623ff921acbfcc","1589953280000","2020-05-20 13:41:24","4","0"),("5672","dr3i","96","chna","1","2","59ba201a72e54638a4086e92f4677083","1589953280000","2020-05-20 13:41:24","4","0"),("5673","dr3i","97","chna","1","2","e9510b0568b54072a66ebdfc138f609c","1589953280000","2020-05-20 13:41:24","4","0");
2020-05-20 13:41:24.550 INFO - main.scripts.RunJob insertEvent 26525 main.scripts.RunJob.insertEvent(RunJob.java:183) main entry type is TRANSACTIONEND, ignore this entry
2020-05-20 13:41:24.550 INFO - main.scripts.RunJob insertEvent 26525 main.scripts.RunJob.insertEvent(RunJob.java:183) main entry type is TRANSACTIONBEGIN, ignore this entry
2020-05-20 13:41:24.551 INFO - main.scripts.RunJob insertEvent 26526 main.scripts.RunJob.insertEvent(RunJob.java:187) main traverse entry, batchId=mysql-bin.000001;position=2990178;executeTime=1589953280000
2020-05-20 13:41:24.551 INFO - main.scripts.RunJob insertEvent 26526 main.scripts.RunJob.insertEvent(RunJob.java:194) main the parsed tableName is canalfrombase.canalfromtable
2020-05-20 13:41:24.551 INFO - main.scripts.RunJob insertEvent 26526 main.scripts.RunJob.insertEvent(RunJob.java:220) main insert_columns=("5674","dr3i","98","chna","1","2","6cc5fa506d684d3d83dddf23f2b6b099","1589953280000","2020-05-20 13:41:24","5","0")
2020-05-20 13:41:24.551 INFO - main.scripts.RunJob insertEvent 26526 main.scripts.RunJob.insertEvent(RunJob.java:183) main entry type is TRANSACTIONEND, ignore this entry
2020-05-20 13:41:24.551 INFO - main.scripts.RunJob insertEvent 26526 main.scripts.RunJob.insertEvent(RunJob.java:183) main entry type is TRANSACTIONBEGIN, ignore this entry
2020-05-20 13:41:24.551 INFO - main.scripts.RunJob insertEvent 26526 main.scripts.RunJob.insertEvent(RunJob.java:183) main entry type is TRANSACTIONEND, ignore this entry
2020-05-20 13:41:24.551 INFO - main.scripts.RunJob insertEvent 26526 main.scripts.RunJob.insertEvent(RunJob.java:183) main entry type is TRANSACTIONBEGIN, ignore this entry
2020-05-20 13:41:24.551 INFO - main.scripts.RunJob insertEvent 26526 main.scripts.RunJob.insertEvent(RunJob.java:187) main traverse entry, batchId=mysql-bin.000001;position=2991291;executeTime=1589953280000
2020-05-20 13:41:24.551 INFO - main.scripts.RunJob insertEvent 26526 main.scripts.RunJob.insertEvent(RunJob.java:194) main the parsed tableName is canalfrombase.canalfromtable
2020-05-20 13:41:24.551 INFO - main.scripts.RunJob insertEvent 26526 main.scripts.RunJob.insertEvent(RunJob.java:220) main insert_columns=("5675","dr3i","99","chna","1","2","0a0913ffdf4d496dafa219b2f2b0e462","1589953280000","2020-05-20 13:41:24","5","0")
2020-05-20 13:41:24.551 INFO - main.scripts.RunJob insertEvent 26526 main.scripts.RunJob.insertEvent(RunJob.java:183) main entry type is TRANSACTIONEND, ignore this entry
2020-05-20 13:41:24.551 INFO - main.scripts.RunJob insertEvent 26526 main.scripts.RunJob.insertEvent(RunJob.java:183) main entry type is TRANSACTIONBEGIN, ignore this entry
2020-05-20 13:41:24.551 INFO - main.scripts.RunJob insertEvent 26526 main.scripts.RunJob.insertEvent(RunJob.java:187) main traverse entry, batchId=mysql-bin.000001;position=2991605;executeTime=1589953280000
2020-05-20 13:41:24.551 INFO - main.scripts.RunJob insertEvent 26526 main.scripts.RunJob.insertEvent(RunJob.java:194) main the parsed tableName is canalfrombase.canalfromtable
2020-05-20 13:41:24.551 INFO - main.scripts.RunJob insertEvent 26526 main.scripts.RunJob.insertEvent(RunJob.java:220) main insert_columns=("5676","dr3i","100","chna","1","2","419c39dbe1c74409aa036df40d4e386a","1589953280000","2020-05-20 13:41:24","5","0")
2020-05-20 13:41:24.552 INFO - main.scripts.RunJob insertEvent 26527 main.scripts.RunJob.insertEvent(RunJob.java:183) main entry type is TRANSACTIONEND, ignore this entry
2020-05-20 13:41:24.552 INFO - main.scripts.RunJob insertEvent 26527 main.scripts.RunJob.insertEvent(RunJob.java:183) main entry type is TRANSACTIONBEGIN, ignore this entry
2020-05-20 13:41:24.552 INFO - main.scripts.RunJob insertEvent 26527 main.scripts.RunJob.insertEvent(RunJob.java:187) main traverse entry, batchId=mysql-bin.000001;position=2991919;executeTime=1589953280000
2020-05-20 13:41:24.552 INFO - main.scripts.RunJob insertEvent 26527 main.scripts.RunJob.insertEvent(RunJob.java:194) main the parsed tableName is canalfrombase.canalfromtable
2020-05-20 13:41:24.552 INFO - main.scripts.RunJob insertEvent 26527 main.scripts.RunJob.insertEvent(RunJob.java:220) main insert_columns=("5677","dr3i","101","chna","1","2","b5a14fe972504057b28f96b2d9bf636f","1589953280000","2020-05-20 13:41:24","5","0")
2020-05-20 13:41:24.552 INFO - main.scripts.RunJob insertEvent 26527 main.scripts.RunJob.insertEvent(RunJob.java:183) main entry type is TRANSACTIONEND, ignore this entry
2020-05-20 13:41:24.552 INFO - main.scripts.RunJob insertEvent 26527 main.scripts.RunJob.insertEvent(RunJob.java:183) main entry type is TRANSACTIONBEGIN, ignore this entry
2020-05-20 13:41:24.552 INFO - main.scripts.RunJob insertEvent 26527 main.scripts.RunJob.insertEvent(RunJob.java:187) main traverse entry, batchId=mysql-bin.000001;position=2992233;executeTime=1589953280000
2020-05-20 13:41:24.552 INFO - main.scripts.RunJob insertEvent 26527 main.scripts.RunJob.insertEvent(RunJob.java:194) main the parsed tableName is canalfrombase.canalfromtable
2020-05-20 13:41:24.552 INFO - main.scripts.RunJob insertEvent 26527 main.scripts.RunJob.insertEvent(RunJob.java:220) main insert_columns=("5678","dr3i","102","chna","1","2","4a1a3a8e9a1e4034a20ab88b5e69268b","1589953280000","2020-05-20 13:41:24","5","0")
2020-05-20 13:41:24.553 INFO - main.scripts.RunJob insertEvent 26528 main.scripts.RunJob.insertEvent(RunJob.java:223) main valueRows match the insertSize, ready to insert5
2020-05-20 13:41:24.841 INFO - main.scripts.RunJob insertEvent 26816 main.scripts.RunJob.insertEvent(RunJob.java:225) main mysql_connection_args=mycanal:1111@111.231.66.20:3306/canaltobase
2020-05-20 13:41:24.841 INFO - main.scripts.RunJob insertEvent 26816 main.scripts.RunJob.insertEvent(RunJob.java:233) main sql=insert into canaltobase.canaltotable2(id,name,age,country,province,city,etl_id,log_time,rec_time,proc_batch,flag) values("5674","dr3i","98","chna","1","2","6cc5fa506d684d3d83dddf23f2b6b099","1589953280000","2020-05-20 13:41:24","5","0"),("5675","dr3i","99","chna","1","2","0a0913ffdf4d496dafa219b2f2b0e462","1589953280000","2020-05-20 13:41:24","5","0"),("5676","dr3i","100","chna","1","2","419c39dbe1c74409aa036df40d4e386a","1589953280000","2020-05-20 13:41:24","5","0"),("5677","dr3i","101","chna","1","2","b5a14fe972504057b28f96b2d9bf636f","1589953280000","2020-05-20 13:41:24","5","0"),("5678","dr3i","102","chna","1","2","4a1a3a8e9a1e4034a20ab88b5e69268b","1589953280000","2020-05-20 13:41:24","5","0");
2020-05-20 13:41:24.896 INFO - main.scripts.RunJob insertEvent 26871 main.scripts.RunJob.insertEvent(RunJob.java:183) main entry type is TRANSACTIONEND, ignore this entry
2020-05-20 13:41:24.896 INFO - main.scripts.RunJob insertEvent 26871 main.scripts.RunJob.insertEvent(RunJob.java:183) main entry type is TRANSACTIONBEGIN, ignore this entry
2020-05-20 13:41:24.896 INFO - main.scripts.RunJob insertEvent 26871 main.scripts.RunJob.insertEvent(RunJob.java:187) main traverse entry, batchId=mysql-bin.000001;position=2993346;executeTime=1589953280000
2020-05-20 13:41:24.896 INFO - main.scripts.RunJob insertEvent 26871 main.scripts.RunJob.insertEvent(RunJob.java:194) main the parsed tableName is canalfrombase.canalfromtable
2020-05-20 13:41:24.896 INFO - main.scripts.RunJob insertEvent 26871 main.scripts.RunJob.insertEvent(RunJob.java:220) main insert_columns=("5679","dr3i","103","chna","1","2","b17b1b606da54e63893d106d28660d78","1589953280000","2020-05-20 13:41:24","6","0")
2020-05-20 13:41:24.897 INFO - main.scripts.RunJob insertEvent 26872 main.scripts.RunJob.insertEvent(RunJob.java:183) main entry type is TRANSACTIONEND, ignore this entry
2020-05-20 13:41:24.897 INFO - main.scripts.RunJob insertEvent 26872 main.scripts.RunJob.insertEvent(RunJob.java:248) main valueRows does't match the insertSize
2020-05-20 13:41:25.032 INFO - main.scripts.RunJob insertEvent 27007 main.scripts.RunJob.insertEvent(RunJob.java:253) main sql=insert into canaltobase.canaltotable2(id,name,age,country,province,city,etl_id,log_time,rec_time,proc_batch,flag) values("5679","dr3i","103","chna","1","2","b17b1b606da54e63893d106d28660d78","1589953280000","2020-05-20 13:41:24","6","0");
2020-05-20 13:41:25.080 INFO - main.scripts.RunJob insertEvent 27055 main.scripts.RunJob.insertEvent(RunJob.java:156) main current table is canalfrombase.canalfromtable2
2020-05-20 13:41:25.080 INFO - main.scripts.RunJob insertEvent 27055 main.scripts.RunJob.insertEvent(RunJob.java:158) main data of canalfrombase.canalfromtable2 will be loaded to canaltobase.canaltotable2
2020-05-20 13:41:25.080 INFO - main.scripts.RunJob insertEvent 27055 main.scripts.RunJob.insertEvent(RunJob.java:161) main execute 20 rows each insert
2020-05-20 13:41:25.080 INFO - main.scripts.RunJob insertEvent 27055 main.scripts.RunJob.insertEvent(RunJob.java:164) main mysql connection name is klingon
2020-05-20 13:41:25.080 INFO - main.scripts.RunJob insertEvent 27055 main.scripts.RunJob.insertEvent(RunJob.java:174) main columns name,country,province,city,etl_id,log_time,rec_time,proc_batch,flag are to load data
2020-05-20 13:41:25.080 INFO - main.scripts.RunJob insertEvent 27055 main.scripts.RunJob.insertEvent(RunJob.java:183) main entry type is TRANSACTIONBEGIN, ignore this entry
2020-05-20 13:41:25.080 INFO - main.scripts.RunJob insertEvent 27055 main.scripts.RunJob.insertEvent(RunJob.java:187) main traverse entry, batchId=mysql-bin.000001;position=2983898;executeTime=1589953279000
2020-05-20 13:41:25.080 INFO - main.scripts.RunJob insertEvent 27055 main.scripts.RunJob.insertEvent(RunJob.java:194) main the parsed tableName is canalfrombase.canalfromtable
2020-05-20 13:41:25.080 INFO - main.scripts.RunJob insertEvent 27055 main.scripts.RunJob.insertEvent(RunJob.java:183) main entry type is TRANSACTIONEND, ignore this entry
2020-05-20 13:41:25.080 INFO - main.scripts.RunJob insertEvent 27055 main.scripts.RunJob.insertEvent(RunJob.java:183) main entry type is TRANSACTIONBEGIN, ignore this entry
2020-05-20 13:41:25.081 INFO - main.scripts.RunJob insertEvent 27056 main.scripts.RunJob.insertEvent(RunJob.java:187) main traverse entry, batchId=mysql-bin.000001;position=2984212;executeTime=1589953279000
2020-05-20 13:41:25.081 INFO - main.scripts.RunJob insertEvent 27056 main.scripts.RunJob.insertEvent(RunJob.java:194) main the parsed tableName is canalfrombase.canalfromtable
2020-05-20 13:41:25.081 INFO - main.scripts.RunJob insertEvent 27056 main.scripts.RunJob.insertEvent(RunJob.java:183) main entry type is TRANSACTIONEND, ignore this entry
2020-05-20 13:41:25.081 INFO - main.scripts.RunJob insertEvent 27056 main.scripts.RunJob.insertEvent(RunJob.java:183) main entry type is TRANSACTIONBEGIN, ignore this entry
2020-05-20 13:41:25.081 INFO - main.scripts.RunJob insertEvent 27056 main.scripts.RunJob.insertEvent(RunJob.java:187) main traverse entry, batchId=mysql-bin.000001;position=2984526;executeTime=1589953279000
2020-05-20 13:41:25.081 INFO - main.scripts.RunJob insertEvent 27056 main.scripts.RunJob.insertEvent(RunJob.java:194) main the parsed tableName is canalfrombase.canalfromtable
2020-05-20 13:41:25.081 INFO - main.scripts.RunJob insertEvent 27056 main.scripts.RunJob.insertEvent(RunJob.java:183) main entry type is TRANSACTIONEND, ignore this entry
2020-05-20 13:41:25.081 INFO - main.scripts.RunJob insertEvent 27056 main.scripts.RunJob.insertEvent(RunJob.java:183) main entry type is TRANSACTIONBEGIN, ignore this entry
2020-05-20 13:41:25.081 INFO - main.scripts.RunJob insertEvent 27056 main.scripts.RunJob.insertEvent(RunJob.java:187) main traverse entry, batchId=mysql-bin.000001;position=2984840;executeTime=1589953279000
2020-05-20 13:41:25.081 INFO - main.scripts.RunJob insertEvent 27056 main.scripts.RunJob.insertEvent(RunJob.java:194) main the parsed tableName is canalfrombase.canalfromtable
2020-05-20 13:41:25.081 INFO - main.scripts.RunJob insertEvent 27056 main.scripts.RunJob.insertEvent(RunJob.java:183) main entry type is TRANSACTIONEND, ignore this entry
2020-05-20 13:41:25.081 INFO - main.scripts.RunJob insertEvent 27056 main.scripts.RunJob.insertEvent(RunJob.java:183) main entry type is TRANSACTIONBEGIN, ignore this entry
2020-05-20 13:41:25.081 INFO - main.scripts.RunJob insertEvent 27056 main.scripts.RunJob.insertEvent(RunJob.java:187) main traverse entry, batchId=mysql-bin.000001;position=2985154;executeTime=1589953279000
2020-05-20 13:41:25.082 INFO - main.scripts.RunJob insertEvent 27057 main.scripts.RunJob.insertEvent(RunJob.java:194) main the parsed tableName is canalfrombase.canalfromtable
2020-05-20 13:41:25.082 INFO - main.scripts.RunJob insertEvent 27057 main.scripts.RunJob.insertEvent(RunJob.java:183) main entry type is TRANSACTIONEND, ignore this entry
2020-05-20 13:41:25.082 INFO - main.scripts.RunJob insertEvent 27057 main.scripts.RunJob.insertEvent(RunJob.java:183) main entry type is TRANSACTIONBEGIN, ignore this entry
2020-05-20 13:41:25.082 INFO - main.scripts.RunJob insertEvent 27057 main.scripts.RunJob.insertEvent(RunJob.java:187) main traverse entry, batchId=mysql-bin.000001;position=2985468;executeTime=1589953279000
2020-05-20 13:41:25.082 INFO - main.scripts.RunJob insertEvent 27057 main.scripts.RunJob.insertEvent(RunJob.java:194) main the parsed tableName is canalfrombase.canalfromtable
2020-05-20 13:41:25.082 INFO - main.scripts.RunJob insertEvent 27057 main.scripts.RunJob.insertEvent(RunJob.java:183) main entry type is TRANSACTIONEND, ignore this entry
2020-05-20 13:41:25.082 INFO - main.scripts.RunJob insertEvent 27057 main.scripts.RunJob.insertEvent(RunJob.java:183) main entry type is TRANSACTIONBEGIN, ignore this entry
2020-05-20 13:41:25.082 INFO - main.scripts.RunJob insertEvent 27057 main.scripts.RunJob.insertEvent(RunJob.java:187) main traverse entry, batchId=mysql-bin.000001;position=2985782;executeTime=1589953279000
2020-05-20 13:41:25.082 INFO - main.scripts.RunJob insertEvent 27057 main.scripts.RunJob.insertEvent(RunJob.java:194) main the parsed tableName is canalfrombase.canalfromtable
2020-05-20 13:41:25.082 INFO - main.scripts.RunJob insertEvent 27057 main.scripts.RunJob.insertEvent(RunJob.java:183) main entry type is TRANSACTIONEND, ignore this entry
2020-05-20 13:41:25.082 INFO - main.scripts.RunJob insertEvent 27057 main.scripts.RunJob.insertEvent(RunJob.java:183) main entry type is TRANSACTIONBEGIN, ignore this entry
2020-05-20 13:41:25.082 INFO - main.scripts.RunJob insertEvent 27057 main.scripts.RunJob.insertEvent(RunJob.java:187) main traverse entry, batchId=mysql-bin.000001;position=2986096;executeTime=1589953279000
2020-05-20 13:41:25.083 INFO - main.scripts.RunJob insertEvent 27058 main.scripts.RunJob.insertEvent(RunJob.java:194) main the parsed tableName is canalfrombase.canalfromtable
2020-05-20 13:41:25.083 INFO - main.scripts.RunJob insertEvent 27058 main.scripts.RunJob.insertEvent(RunJob.java:183) main entry type is TRANSACTIONEND, ignore this entry
2020-05-20 13:41:25.083 INFO - main.scripts.RunJob insertEvent 27058 main.scripts.RunJob.insertEvent(RunJob.java:183) main entry type is TRANSACTIONBEGIN, ignore this entry
2020-05-20 13:41:25.083 INFO - main.scripts.RunJob insertEvent 27058 main.scripts.RunJob.insertEvent(RunJob.java:187) main traverse entry, batchId=mysql-bin.000001;position=2986410;executeTime=1589953279000
2020-05-20 13:41:25.083 INFO - main.scripts.RunJob insertEvent 27058 main.scripts.RunJob.insertEvent(RunJob.java:194) main the parsed tableName is canalfrombase.canalfromtable
2020-05-20 13:41:25.083 INFO - main.scripts.RunJob insertEvent 27058 main.scripts.RunJob.insertEvent(RunJob.java:183) main entry type is TRANSACTIONEND, ignore this entry
2020-05-20 13:41:25.083 INFO - main.scripts.RunJob insertEvent 27058 main.scripts.RunJob.insertEvent(RunJob.java:183) main entry type is TRANSACTIONBEGIN, ignore this entry
2020-05-20 13:41:25.083 INFO - main.scripts.RunJob insertEvent 27058 main.scripts.RunJob.insertEvent(RunJob.java:187) main traverse entry, batchId=mysql-bin.000001;position=2986724;executeTime=1589953279000
2020-05-20 13:41:25.083 INFO - main.scripts.RunJob insertEvent 27058 main.scripts.RunJob.insertEvent(RunJob.java:194) main the parsed tableName is canalfrombase.canalfromtable
2020-05-20 13:41:25.083 INFO - main.scripts.RunJob insertEvent 27058 main.scripts.RunJob.insertEvent(RunJob.java:183) main entry type is TRANSACTIONEND, ignore this entry
2020-05-20 13:41:25.083 INFO - main.scripts.RunJob insertEvent 27058 main.scripts.RunJob.insertEvent(RunJob.java:183) main entry type is TRANSACTIONBEGIN, ignore this entry
2020-05-20 13:41:25.083 INFO - main.scripts.RunJob insertEvent 27058 main.scripts.RunJob.insertEvent(RunJob.java:187) main traverse entry, batchId=mysql-bin.000001;position=2987038;executeTime=1589953279000
2020-05-20 13:41:25.083 INFO - main.scripts.RunJob insertEvent 27058 main.scripts.RunJob.insertEvent(RunJob.java:194) main the parsed tableName is canalfrombase.canalfromtable
2020-05-20 13:41:25.083 INFO - main.scripts.RunJob insertEvent 27058 main.scripts.RunJob.insertEvent(RunJob.java:183) main entry type is TRANSACTIONEND, ignore this entry
2020-05-20 13:41:25.083 INFO - main.scripts.RunJob insertEvent 27058 main.scripts.RunJob.insertEvent(RunJob.java:183) main entry type is TRANSACTIONBEGIN, ignore this entry
2020-05-20 13:41:25.084 INFO - main.scripts.RunJob insertEvent 27059 main.scripts.RunJob.insertEvent(RunJob.java:187) main traverse entry, batchId=mysql-bin.000001;position=2987352;executeTime=1589953279000
2020-05-20 13:41:25.084 INFO - main.scripts.RunJob insertEvent 27059 main.scripts.RunJob.insertEvent(RunJob.java:194) main the parsed tableName is canalfrombase.canalfromtable
2020-05-20 13:41:25.084 INFO - main.scripts.RunJob insertEvent 27059 main.scripts.RunJob.insertEvent(RunJob.java:183) main entry type is TRANSACTIONEND, ignore this entry
2020-05-20 13:41:25.084 INFO - main.scripts.RunJob insertEvent 27059 main.scripts.RunJob.insertEvent(RunJob.java:183) main entry type is TRANSACTIONBEGIN, ignore this entry
2020-05-20 13:41:25.084 INFO - main.scripts.RunJob insertEvent 27059 main.scripts.RunJob.insertEvent(RunJob.java:187) main traverse entry, batchId=mysql-bin.000001;position=2987666;executeTime=1589953279000
2020-05-20 13:41:25.084 INFO - main.scripts.RunJob insertEvent 27059 main.scripts.RunJob.insertEvent(RunJob.java:194) main the parsed tableName is canalfrombase.canalfromtable
2020-05-20 13:41:25.084 INFO - main.scripts.RunJob insertEvent 27059 main.scripts.RunJob.insertEvent(RunJob.java:183) main entry type is TRANSACTIONEND, ignore this entry
2020-05-20 13:41:25.084 INFO - main.scripts.RunJob insertEvent 27059 main.scripts.RunJob.insertEvent(RunJob.java:183) main entry type is TRANSACTIONBEGIN, ignore this entry
2020-05-20 13:41:25.084 INFO - main.scripts.RunJob insertEvent 27059 main.scripts.RunJob.insertEvent(RunJob.java:187) main traverse entry, batchId=mysql-bin.000001;position=2987980;executeTime=1589953280000
2020-05-20 13:41:25.084 INFO - main.scripts.RunJob insertEvent 27059 main.scripts.RunJob.insertEvent(RunJob.java:194) main the parsed tableName is canalfrombase.canalfromtable
2020-05-20 13:41:25.084 INFO - main.scripts.RunJob insertEvent 27059 main.scripts.RunJob.insertEvent(RunJob.java:183) main entry type is TRANSACTIONEND, ignore this entry
2020-05-20 13:41:25.084 INFO - main.scripts.RunJob insertEvent 27059 main.scripts.RunJob.insertEvent(RunJob.java:183) main entry type is TRANSACTIONBEGIN, ignore this entry
2020-05-20 13:41:25.084 INFO - main.scripts.RunJob insertEvent 27059 main.scripts.RunJob.insertEvent(RunJob.java:187) main traverse entry, batchId=mysql-bin.000001;position=2988294;executeTime=1589953280000
2020-05-20 13:41:25.084 INFO - main.scripts.RunJob insertEvent 27059 main.scripts.RunJob.insertEvent(RunJob.java:194) main the parsed tableName is canalfrombase.canalfromtable
2020-05-20 13:41:25.084 INFO - main.scripts.RunJob insertEvent 27059 main.scripts.RunJob.insertEvent(RunJob.java:183) main entry type is TRANSACTIONEND, ignore this entry
2020-05-20 13:41:25.085 INFO - main.scripts.RunJob insertEvent 27060 main.scripts.RunJob.insertEvent(RunJob.java:183) main entry type is TRANSACTIONBEGIN, ignore this entry
2020-05-20 13:41:25.085 INFO - main.scripts.RunJob insertEvent 27060 main.scripts.RunJob.insertEvent(RunJob.java:187) main traverse entry, batchId=mysql-bin.000001;position=2988608;executeTime=1589953280000
2020-05-20 13:41:25.085 INFO - main.scripts.RunJob insertEvent 27060 main.scripts.RunJob.insertEvent(RunJob.java:194) main the parsed tableName is canalfrombase.canalfromtable
2020-05-20 13:41:25.085 INFO - main.scripts.RunJob insertEvent 27060 main.scripts.RunJob.insertEvent(RunJob.java:183) main entry type is TRANSACTIONEND, ignore this entry
2020-05-20 13:41:25.085 INFO - main.scripts.RunJob insertEvent 27060 main.scripts.RunJob.insertEvent(RunJob.java:183) main entry type is TRANSACTIONBEGIN, ignore this entry
2020-05-20 13:41:25.085 INFO - main.scripts.RunJob insertEvent 27060 main.scripts.RunJob.insertEvent(RunJob.java:187) main traverse entry, batchId=mysql-bin.000001;position=2988922;executeTime=1589953280000
2020-05-20 13:41:25.085 INFO - main.scripts.RunJob insertEvent 27060 main.scripts.RunJob.insertEvent(RunJob.java:194) main the parsed tableName is canalfrombase.canalfromtable
2020-05-20 13:41:25.085 INFO - main.scripts.RunJob insertEvent 27060 main.scripts.RunJob.insertEvent(RunJob.java:183) main entry type is TRANSACTIONEND, ignore this entry
2020-05-20 13:41:25.085 INFO - main.scripts.RunJob insertEvent 27060 main.scripts.RunJob.insertEvent(RunJob.java:183) main entry type is TRANSACTIONBEGIN, ignore this entry
2020-05-20 13:41:25.085 INFO - main.scripts.RunJob insertEvent 27060 main.scripts.RunJob.insertEvent(RunJob.java:187) main traverse entry, batchId=mysql-bin.000001;position=2989236;executeTime=1589953280000
2020-05-20 13:41:25.085 INFO - main.scripts.RunJob insertEvent 27060 main.scripts.RunJob.insertEvent(RunJob.java:194) main the parsed tableName is canalfrombase.canalfromtable
2020-05-20 13:41:25.085 INFO - main.scripts.RunJob insertEvent 27060 main.scripts.RunJob.insertEvent(RunJob.java:183) main entry type is TRANSACTIONEND, ignore this entry
2020-05-20 13:41:25.085 INFO - main.scripts.RunJob insertEvent 27060 main.scripts.RunJob.insertEvent(RunJob.java:183) main entry type is TRANSACTIONBEGIN, ignore this entry
2020-05-20 13:41:25.085 INFO - main.scripts.RunJob insertEvent 27060 main.scripts.RunJob.insertEvent(RunJob.java:187) main traverse entry, batchId=mysql-bin.000001;position=2989550;executeTime=1589953280000
2020-05-20 13:41:25.085 INFO - main.scripts.RunJob insertEvent 27060 main.scripts.RunJob.insertEvent(RunJob.java:194) main the parsed tableName is canalfrombase.canalfromtable
2020-05-20 13:41:25.085 INFO - main.scripts.RunJob insertEvent 27060 main.scripts.RunJob.insertEvent(RunJob.java:183) main entry type is TRANSACTIONEND, ignore this entry
2020-05-20 13:41:25.086 INFO - main.scripts.RunJob insertEvent 27061 main.scripts.RunJob.insertEvent(RunJob.java:183) main entry type is TRANSACTIONBEGIN, ignore this entry
2020-05-20 13:41:25.086 INFO - main.scripts.RunJob insertEvent 27061 main.scripts.RunJob.insertEvent(RunJob.java:187) main traverse entry, batchId=mysql-bin.000001;position=2989864;executeTime=1589953280000
2020-05-20 13:41:25.086 INFO - main.scripts.RunJob insertEvent 27061 main.scripts.RunJob.insertEvent(RunJob.java:194) main the parsed tableName is canalfrombase.canalfromtable
2020-05-20 13:41:25.086 INFO - main.scripts.RunJob insertEvent 27061 main.scripts.RunJob.insertEvent(RunJob.java:183) main entry type is TRANSACTIONEND, ignore this entry
2020-05-20 13:41:25.086 INFO - main.scripts.RunJob insertEvent 27061 main.scripts.RunJob.insertEvent(RunJob.java:183) main entry type is TRANSACTIONBEGIN, ignore this entry
2020-05-20 13:41:25.086 INFO - main.scripts.RunJob insertEvent 27061 main.scripts.RunJob.insertEvent(RunJob.java:187) main traverse entry, batchId=mysql-bin.000001;position=2990178;executeTime=1589953280000
2020-05-20 13:41:25.086 INFO - main.scripts.RunJob insertEvent 27061 main.scripts.RunJob.insertEvent(RunJob.java:194) main the parsed tableName is canalfrombase.canalfromtable
2020-05-20 13:41:25.086 INFO - main.scripts.RunJob insertEvent 27061 main.scripts.RunJob.insertEvent(RunJob.java:183) main entry type is TRANSACTIONEND, ignore this entry
2020-05-20 13:41:25.086 INFO - main.scripts.RunJob insertEvent 27061 main.scripts.RunJob.insertEvent(RunJob.java:183) main entry type is TRANSACTIONBEGIN, ignore this entry
2020-05-20 13:41:25.086 INFO - main.scripts.RunJob insertEvent 27061 main.scripts.RunJob.insertEvent(RunJob.java:183) main entry type is TRANSACTIONEND, ignore this entry
2020-05-20 13:41:25.086 INFO - main.scripts.RunJob insertEvent 27061 main.scripts.RunJob.insertEvent(RunJob.java:183) main entry type is TRANSACTIONBEGIN, ignore this entry
2020-05-20 13:41:25.086 INFO - main.scripts.RunJob insertEvent 27061 main.scripts.RunJob.insertEvent(RunJob.java:187) main traverse entry, batchId=mysql-bin.000001;position=2991291;executeTime=1589953280000
2020-05-20 13:41:25.086 INFO - main.scripts.RunJob insertEvent 27061 main.scripts.RunJob.insertEvent(RunJob.java:194) main the parsed tableName is canalfrombase.canalfromtable
2020-05-20 13:41:25.086 INFO - main.scripts.RunJob insertEvent 27061 main.scripts.RunJob.insertEvent(RunJob.java:183) main entry type is TRANSACTIONEND, ignore this entry
2020-05-20 13:41:25.086 INFO - main.scripts.RunJob insertEvent 27061 main.scripts.RunJob.insertEvent(RunJob.java:183) main entry type is TRANSACTIONBEGIN, ignore this entry
2020-05-20 13:41:25.086 INFO - main.scripts.RunJob insertEvent 27061 main.scripts.RunJob.insertEvent(RunJob.java:187) main traverse entry, batchId=mysql-bin.000001;position=2991605;executeTime=1589953280000
2020-05-20 13:41:25.086 INFO - main.scripts.RunJob insertEvent 27061 main.scripts.RunJob.insertEvent(RunJob.java:194) main the parsed tableName is canalfrombase.canalfromtable
2020-05-20 13:41:25.086 INFO - main.scripts.RunJob insertEvent 27061 main.scripts.RunJob.insertEvent(RunJob.java:183) main entry type is TRANSACTIONEND, ignore this entry
2020-05-20 13:41:25.086 INFO - main.scripts.RunJob insertEvent 27061 main.scripts.RunJob.insertEvent(RunJob.java:183) main entry type is TRANSACTIONBEGIN, ignore this entry
2020-05-20 13:41:25.086 INFO - main.scripts.RunJob insertEvent 27061 main.scripts.RunJob.insertEvent(RunJob.java:187) main traverse entry, batchId=mysql-bin.000001;position=2991919;executeTime=1589953280000
2020-05-20 13:41:25.086 INFO - main.scripts.RunJob insertEvent 27061 main.scripts.RunJob.insertEvent(RunJob.java:194) main the parsed tableName is canalfrombase.canalfromtable
2020-05-20 13:41:25.086 INFO - main.scripts.RunJob insertEvent 27061 main.scripts.RunJob.insertEvent(RunJob.java:183) main entry type is TRANSACTIONEND, ignore this entry
2020-05-20 13:41:25.087 INFO - main.scripts.RunJob insertEvent 27062 main.scripts.RunJob.insertEvent(RunJob.java:183) main entry type is TRANSACTIONBEGIN, ignore this entry
2020-05-20 13:41:25.087 INFO - main.scripts.RunJob insertEvent 27062 main.scripts.RunJob.insertEvent(RunJob.java:187) main traverse entry, batchId=mysql-bin.000001;position=2992233;executeTime=1589953280000
2020-05-20 13:41:25.087 INFO - main.scripts.RunJob insertEvent 27062 main.scripts.RunJob.insertEvent(RunJob.java:194) main the parsed tableName is canalfrombase.canalfromtable
2020-05-20 13:41:25.087 INFO - main.scripts.RunJob insertEvent 27062 main.scripts.RunJob.insertEvent(RunJob.java:183) main entry type is TRANSACTIONEND, ignore this entry
2020-05-20 13:41:25.087 INFO - main.scripts.RunJob insertEvent 27062 main.scripts.RunJob.insertEvent(RunJob.java:183) main entry type is TRANSACTIONBEGIN, ignore this entry
2020-05-20 13:41:25.087 INFO - main.scripts.RunJob insertEvent 27062 main.scripts.RunJob.insertEvent(RunJob.java:187) main traverse entry, batchId=mysql-bin.000001;position=2993346;executeTime=1589953280000
2020-05-20 13:41:25.087 INFO - main.scripts.RunJob insertEvent 27062 main.scripts.RunJob.insertEvent(RunJob.java:194) main the parsed tableName is canalfrombase.canalfromtable
2020-05-20 13:41:25.087 INFO - main.scripts.RunJob insertEvent 27062 main.scripts.RunJob.insertEvent(RunJob.java:183) main entry type is TRANSACTIONEND, ignore this entry
2020-05-20 13:41:25.087 INFO - main.scripts.RunJob insertEvent 27062 main.scripts.RunJob.insertEvent(RunJob.java:153) main traverse table of canalfrombase2
2020-05-20 13:41:25.087 INFO - main.scripts.RunJob insertEvent 27062 main.scripts.RunJob.insertEvent(RunJob.java:156) main current table is canalfrombase2.canalfromtable
2020-05-20 13:41:25.087 INFO - main.scripts.RunJob insertEvent 27062 main.scripts.RunJob.insertEvent(RunJob.java:158) main data of canalfrombase2.canalfromtable will be loaded to canalreload2.canalfromtable
2020-05-20 13:41:25.087 INFO - main.scripts.RunJob insertEvent 27062 main.scripts.RunJob.insertEvent(RunJob.java:161) main execute 10 rows each insert
2020-05-20 13:41:25.087 INFO - main.scripts.RunJob insertEvent 27062 main.scripts.RunJob.insertEvent(RunJob.java:164) main mysql connection name is zhenxin
2020-05-20 13:41:25.087 INFO - main.scripts.RunJob insertEvent 27062 main.scripts.RunJob.insertEvent(RunJob.java:174) main columns name,age,country,province,city,etl_id,log_time,rec_time,proc_batch,flag are to load data
2020-05-20 13:41:25.087 INFO - main.scripts.RunJob insertEvent 27062 main.scripts.RunJob.insertEvent(RunJob.java:183) main entry type is TRANSACTIONBEGIN, ignore this entry
2020-05-20 13:41:25.087 INFO - main.scripts.RunJob insertEvent 27062 main.scripts.RunJob.insertEvent(RunJob.java:187) main traverse entry, batchId=mysql-bin.000001;position=2983898;executeTime=1589953279000
2020-05-20 13:41:25.087 INFO - main.scripts.RunJob insertEvent 27062 main.scripts.RunJob.insertEvent(RunJob.java:194) main the parsed tableName is canalfrombase.canalfromtable
2020-05-20 13:41:25.087 INFO - main.scripts.RunJob insertEvent 27062 main.scripts.RunJob.insertEvent(RunJob.java:183) main entry type is TRANSACTIONEND, ignore this entry
2020-05-20 13:41:25.087 INFO - main.scripts.RunJob insertEvent 27062 main.scripts.RunJob.insertEvent(RunJob.java:183) main entry type is TRANSACTIONBEGIN, ignore this entry
2020-05-20 13:41:25.087 INFO - main.scripts.RunJob insertEvent 27062 main.scripts.RunJob.insertEvent(RunJob.java:187) main traverse entry, batchId=mysql-bin.000001;position=2984212;executeTime=1589953279000
2020-05-20 13:41:25.087 INFO - main.scripts.RunJob insertEvent 27062 main.scripts.RunJob.insertEvent(RunJob.java:194) main the parsed tableName is canalfrombase.canalfromtable
2020-05-20 13:41:25.087 INFO - main.scripts.RunJob insertEvent 27062 main.scripts.RunJob.insertEvent(RunJob.java:183) main entry type is TRANSACTIONEND, ignore this entry
2020-05-20 13:41:25.087 INFO - main.scripts.RunJob insertEvent 27062 main.scripts.RunJob.insertEvent(RunJob.java:183) main entry type is TRANSACTIONBEGIN, ignore this entry
2020-05-20 13:41:25.087 INFO - main.scripts.RunJob insertEvent 27062 main.scripts.RunJob.insertEvent(RunJob.java:187) main traverse entry, batchId=mysql-bin.000001;position=2984526;executeTime=1589953279000
2020-05-20 13:41:25.087 INFO - main.scripts.RunJob insertEvent 27062 main.scripts.RunJob.insertEvent(RunJob.java:194) main the parsed tableName is canalfrombase.canalfromtable
2020-05-20 13:41:25.087 INFO - main.scripts.RunJob insertEvent 27062 main.scripts.RunJob.insertEvent(RunJob.java:183) main entry type is TRANSACTIONEND, ignore this entry
2020-05-20 13:41:25.088 INFO - main.scripts.RunJob insertEvent 27063 main.scripts.RunJob.insertEvent(RunJob.java:183) main entry type is TRANSACTIONBEGIN, ignore this entry
2020-05-20 13:41:25.088 INFO - main.scripts.RunJob insertEvent 27063 main.scripts.RunJob.insertEvent(RunJob.java:187) main traverse entry, batchId=mysql-bin.000001;position=2984840;executeTime=1589953279000
2020-05-20 13:41:25.088 INFO - main.scripts.RunJob insertEvent 27063 main.scripts.RunJob.insertEvent(RunJob.java:194) main the parsed tableName is canalfrombase.canalfromtable
2020-05-20 13:41:25.088 INFO - main.scripts.RunJob insertEvent 27063 main.scripts.RunJob.insertEvent(RunJob.java:183) main entry type is TRANSACTIONEND, ignore this entry
2020-05-20 13:41:25.088 INFO - main.scripts.RunJob insertEvent 27063 main.scripts.RunJob.insertEvent(RunJob.java:183) main entry type is TRANSACTIONBEGIN, ignore this entry
2020-05-20 13:41:25.088 INFO - main.scripts.RunJob insertEvent 27063 main.scripts.RunJob.insertEvent(RunJob.java:187) main traverse entry, batchId=mysql-bin.000001;position=2985154;executeTime=1589953279000
2020-05-20 13:41:25.088 INFO - main.scripts.RunJob insertEvent 27063 main.scripts.RunJob.insertEvent(RunJob.java:194) main the parsed tableName is canalfrombase.canalfromtable
2020-05-20 13:41:25.088 INFO - main.scripts.RunJob insertEvent 27063 main.scripts.RunJob.insertEvent(RunJob.java:183) main entry type is TRANSACTIONEND, ignore this entry
2020-05-20 13:41:25.088 INFO - main.scripts.RunJob insertEvent 27063 main.scripts.RunJob.insertEvent(RunJob.java:183) main entry type is TRANSACTIONBEGIN, ignore this entry
2020-05-20 13:41:25.088 INFO - main.scripts.RunJob insertEvent 27063 main.scripts.RunJob.insertEvent(RunJob.java:187) main traverse entry, batchId=mysql-bin.000001;position=2985468;executeTime=1589953279000
2020-05-20 13:41:25.088 INFO - main.scripts.RunJob insertEvent 27063 main.scripts.RunJob.insertEvent(RunJob.java:194) main the parsed tableName is canalfrombase.canalfromtable
2020-05-20 13:41:25.088 INFO - main.scripts.RunJob insertEvent 27063 main.scripts.RunJob.insertEvent(RunJob.java:183) main entry type is TRANSACTIONEND, ignore this entry
2020-05-20 13:41:25.088 INFO - main.scripts.RunJob insertEvent 27063 main.scripts.RunJob.insertEvent(RunJob.java:183) main entry type is TRANSACTIONBEGIN, ignore this entry
2020-05-20 13:41:25.088 INFO - main.scripts.RunJob insertEvent 27063 main.scripts.RunJob.insertEvent(RunJob.java:187) main traverse entry, batchId=mysql-bin.000001;position=2985782;executeTime=1589953279000
2020-05-20 13:41:25.088 INFO - main.scripts.RunJob insertEvent 27063 main.scripts.RunJob.insertEvent(RunJob.java:194) main the parsed tableName is canalfrombase.canalfromtable
2020-05-20 13:41:25.088 INFO - main.scripts.RunJob insertEvent 27063 main.scripts.RunJob.insertEvent(RunJob.java:183) main entry type is TRANSACTIONEND, ignore this entry
2020-05-20 13:41:25.088 INFO - main.scripts.RunJob insertEvent 27063 main.scripts.RunJob.insertEvent(RunJob.java:183) main entry type is TRANSACTIONBEGIN, ignore this entry
2020-05-20 13:41:25.088 INFO - main.scripts.RunJob insertEvent 27063 main.scripts.RunJob.insertEvent(RunJob.java:187) main traverse entry, batchId=mysql-bin.000001;position=2986096;executeTime=1589953279000
2020-05-20 13:41:25.088 INFO - main.scripts.RunJob insertEvent 27063 main.scripts.RunJob.insertEvent(RunJob.java:194) main the parsed tableName is canalfrombase.canalfromtable
2020-05-20 13:41:25.088 INFO - main.scripts.RunJob insertEvent 27063 main.scripts.RunJob.insertEvent(RunJob.java:183) main entry type is TRANSACTIONEND, ignore this entry
2020-05-20 13:41:25.088 INFO - main.scripts.RunJob insertEvent 27063 main.scripts.RunJob.insertEvent(RunJob.java:183) main entry type is TRANSACTIONBEGIN, ignore this entry
2020-05-20 13:41:25.088 INFO - main.scripts.RunJob insertEvent 27063 main.scripts.RunJob.insertEvent(RunJob.java:187) main traverse entry, batchId=mysql-bin.000001;position=2986410;executeTime=1589953279000
2020-05-20 13:41:25.089 INFO - main.scripts.RunJob insertEvent 27064 main.scripts.RunJob.insertEvent(RunJob.java:194) main the parsed tableName is canalfrombase.canalfromtable
2020-05-20 13:41:25.089 INFO - main.scripts.RunJob insertEvent 27064 main.scripts.RunJob.insertEvent(RunJob.java:183) main entry type is TRANSACTIONEND, ignore this entry
2020-05-20 13:41:25.089 INFO - main.scripts.RunJob insertEvent 27064 main.scripts.RunJob.insertEvent(RunJob.java:183) main entry type is TRANSACTIONBEGIN, ignore this entry
2020-05-20 13:41:25.089 INFO - main.scripts.RunJob insertEvent 27064 main.scripts.RunJob.insertEvent(RunJob.java:187) main traverse entry, batchId=mysql-bin.000001;position=2986724;executeTime=1589953279000
2020-05-20 13:41:25.089 INFO - main.scripts.RunJob insertEvent 27064 main.scripts.RunJob.insertEvent(RunJob.java:194) main the parsed tableName is canalfrombase.canalfromtable
2020-05-20 13:41:25.089 INFO - main.scripts.RunJob insertEvent 27064 main.scripts.RunJob.insertEvent(RunJob.java:183) main entry type is TRANSACTIONEND, ignore this entry
2020-05-20 13:41:25.089 INFO - main.scripts.RunJob insertEvent 27064 main.scripts.RunJob.insertEvent(RunJob.java:183) main entry type is TRANSACTIONBEGIN, ignore this entry
2020-05-20 13:41:25.089 INFO - main.scripts.RunJob insertEvent 27064 main.scripts.RunJob.insertEvent(RunJob.java:187) main traverse entry, batchId=mysql-bin.000001;position=2987038;executeTime=1589953279000
2020-05-20 13:41:25.089 INFO - main.scripts.RunJob insertEvent 27064 main.scripts.RunJob.insertEvent(RunJob.java:194) main the parsed tableName is canalfrombase.canalfromtable
2020-05-20 13:41:25.089 INFO - main.scripts.RunJob insertEvent 27064 main.scripts.RunJob.insertEvent(RunJob.java:183) main entry type is TRANSACTIONEND, ignore this entry
2020-05-20 13:41:25.089 INFO - main.scripts.RunJob insertEvent 27064 main.scripts.RunJob.insertEvent(RunJob.java:183) main entry type is TRANSACTIONBEGIN, ignore this entry
2020-05-20 13:41:25.089 INFO - main.scripts.RunJob insertEvent 27064 main.scripts.RunJob.insertEvent(RunJob.java:187) main traverse entry, batchId=mysql-bin.000001;position=2987352;executeTime=1589953279000
2020-05-20 13:41:25.089 INFO - main.scripts.RunJob insertEvent 27064 main.scripts.RunJob.insertEvent(RunJob.java:194) main the parsed tableName is canalfrombase.canalfromtable
2020-05-20 13:41:25.089 INFO - main.scripts.RunJob insertEvent 27064 main.scripts.RunJob.insertEvent(RunJob.java:183) main entry type is TRANSACTIONEND, ignore this entry
2020-05-20 13:41:25.089 INFO - main.scripts.RunJob insertEvent 27064 main.scripts.RunJob.insertEvent(RunJob.java:183) main entry type is TRANSACTIONBEGIN, ignore this entry
2020-05-20 13:41:25.089 INFO - main.scripts.RunJob insertEvent 27064 main.scripts.RunJob.insertEvent(RunJob.java:187) main traverse entry, batchId=mysql-bin.000001;position=2987666;executeTime=1589953279000
2020-05-20 13:41:25.089 INFO - main.scripts.RunJob insertEvent 27064 main.scripts.RunJob.insertEvent(RunJob.java:194) main the parsed tableName is canalfrombase.canalfromtable
2020-05-20 13:41:25.089 INFO - main.scripts.RunJob insertEvent 27064 main.scripts.RunJob.insertEvent(RunJob.java:183) main entry type is TRANSACTIONEND, ignore this entry
2020-05-20 13:41:25.089 INFO - main.scripts.RunJob insertEvent 27064 main.scripts.RunJob.insertEvent(RunJob.java:183) main entry type is TRANSACTIONBEGIN, ignore this entry
2020-05-20 13:41:25.089 INFO - main.scripts.RunJob insertEvent 27064 main.scripts.RunJob.insertEvent(RunJob.java:187) main traverse entry, batchId=mysql-bin.000001;position=2987980;executeTime=1589953280000
2020-05-20 13:41:25.089 INFO - main.scripts.RunJob insertEvent 27064 main.scripts.RunJob.insertEvent(RunJob.java:194) main the parsed tableName is canalfrombase.canalfromtable
2020-05-20 13:41:25.089 INFO - main.scripts.RunJob insertEvent 27064 main.scripts.RunJob.insertEvent(RunJob.java:183) main entry type is TRANSACTIONEND, ignore this entry
2020-05-20 13:41:25.090 INFO - main.scripts.RunJob insertEvent 27065 main.scripts.RunJob.insertEvent(RunJob.java:183) main entry type is TRANSACTIONBEGIN, ignore this entry
2020-05-20 13:41:25.090 INFO - main.scripts.RunJob insertEvent 27065 main.scripts.RunJob.insertEvent(RunJob.java:187) main traverse entry, batchId=mysql-bin.000001;position=2988294;executeTime=1589953280000
2020-05-20 13:41:25.090 INFO - main.scripts.RunJob insertEvent 27065 main.scripts.RunJob.insertEvent(RunJob.java:194) main the parsed tableName is canalfrombase.canalfromtable
2020-05-20 13:41:25.090 INFO - main.scripts.RunJob insertEvent 27065 main.scripts.RunJob.insertEvent(RunJob.java:183) main entry type is TRANSACTIONEND, ignore this entry
2020-05-20 13:41:25.090 INFO - main.scripts.RunJob insertEvent 27065 main.scripts.RunJob.insertEvent(RunJob.java:183) main entry type is TRANSACTIONBEGIN, ignore this entry
2020-05-20 13:41:25.090 INFO - main.scripts.RunJob insertEvent 27065 main.scripts.RunJob.insertEvent(RunJob.java:187) main traverse entry, batchId=mysql-bin.000001;position=2988608;executeTime=1589953280000
2020-05-20 13:41:25.090 INFO - main.scripts.RunJob insertEvent 27065 main.scripts.RunJob.insertEvent(RunJob.java:194) main the parsed tableName is canalfrombase.canalfromtable
2020-05-20 13:41:25.090 INFO - main.scripts.RunJob insertEvent 27065 main.scripts.RunJob.insertEvent(RunJob.java:183) main entry type is TRANSACTIONEND, ignore this entry
2020-05-20 13:41:25.090 INFO - main.scripts.RunJob insertEvent 27065 main.scripts.RunJob.insertEvent(RunJob.java:183) main entry type is TRANSACTIONBEGIN, ignore this entry
2020-05-20 13:41:25.090 INFO - main.scripts.RunJob insertEvent 27065 main.scripts.RunJob.insertEvent(RunJob.java:187) main traverse entry, batchId=mysql-bin.000001;position=2988922;executeTime=1589953280000
2020-05-20 13:41:25.090 INFO - main.scripts.RunJob insertEvent 27065 main.scripts.RunJob.insertEvent(RunJob.java:194) main the parsed tableName is canalfrombase.canalfromtable
2020-05-20 13:41:25.090 INFO - main.scripts.RunJob insertEvent 27065 main.scripts.RunJob.insertEvent(RunJob.java:183) main entry type is TRANSACTIONEND, ignore this entry
2020-05-20 13:41:25.090 INFO - main.scripts.RunJob insertEvent 27065 main.scripts.RunJob.insertEvent(RunJob.java:183) main entry type is TRANSACTIONBEGIN, ignore this entry
2020-05-20 13:41:25.090 INFO - main.scripts.RunJob insertEvent 27065 main.scripts.RunJob.insertEvent(RunJob.java:187) main traverse entry, batchId=mysql-bin.000001;position=2989236;executeTime=1589953280000
2020-05-20 13:41:25.090 INFO - main.scripts.RunJob insertEvent 27065 main.scripts.RunJob.insertEvent(RunJob.java:194) main the parsed tableName is canalfrombase.canalfromtable
2020-05-20 13:41:25.090 INFO - main.scripts.RunJob insertEvent 27065 main.scripts.RunJob.insertEvent(RunJob.java:183) main entry type is TRANSACTIONEND, ignore this entry
2020-05-20 13:41:25.090 INFO - main.scripts.RunJob insertEvent 27065 main.scripts.RunJob.insertEvent(RunJob.java:183) main entry type is TRANSACTIONBEGIN, ignore this entry
2020-05-20 13:41:25.090 INFO - main.scripts.RunJob insertEvent 27065 main.scripts.RunJob.insertEvent(RunJob.java:187) main traverse entry, batchId=mysql-bin.000001;position=2989550;executeTime=1589953280000
2020-05-20 13:41:25.090 INFO - main.scripts.RunJob insertEvent 27065 main.scripts.RunJob.insertEvent(RunJob.java:194) main the parsed tableName is canalfrombase.canalfromtable
2020-05-20 13:41:25.090 INFO - main.scripts.RunJob insertEvent 27065 main.scripts.RunJob.insertEvent(RunJob.java:183) main entry type is TRANSACTIONEND, ignore this entry
2020-05-20 13:41:25.090 INFO - main.scripts.RunJob insertEvent 27065 main.scripts.RunJob.insertEvent(RunJob.java:183) main entry type is TRANSACTIONBEGIN, ignore this entry
2020-05-20 13:41:25.090 INFO - main.scripts.RunJob insertEvent 27065 main.scripts.RunJob.insertEvent(RunJob.java:187) main traverse entry, batchId=mysql-bin.000001;position=2989864;executeTime=1589953280000
2020-05-20 13:41:25.090 INFO - main.scripts.RunJob insertEvent 27065 main.scripts.RunJob.insertEvent(RunJob.java:194) main the parsed tableName is canalfrombase.canalfromtable
2020-05-20 13:41:25.091 INFO - main.scripts.RunJob insertEvent 27066 main.scripts.RunJob.insertEvent(RunJob.java:183) main entry type is TRANSACTIONEND, ignore this entry
2020-05-20 13:41:25.091 INFO - main.scripts.RunJob insertEvent 27066 main.scripts.RunJob.insertEvent(RunJob.java:183) main entry type is TRANSACTIONBEGIN, ignore this entry
2020-05-20 13:41:25.091 INFO - main.scripts.RunJob insertEvent 27066 main.scripts.RunJob.insertEvent(RunJob.java:187) main traverse entry, batchId=mysql-bin.000001;position=2990178;executeTime=1589953280000
2020-05-20 13:41:25.091 INFO - main.scripts.RunJob insertEvent 27066 main.scripts.RunJob.insertEvent(RunJob.java:194) main the parsed tableName is canalfrombase.canalfromtable
2020-05-20 13:41:25.091 INFO - main.scripts.RunJob insertEvent 27066 main.scripts.RunJob.insertEvent(RunJob.java:183) main entry type is TRANSACTIONEND, ignore this entry
2020-05-20 13:41:25.091 INFO - main.scripts.RunJob insertEvent 27066 main.scripts.RunJob.insertEvent(RunJob.java:183) main entry type is TRANSACTIONBEGIN, ignore this entry
2020-05-20 13:41:25.091 INFO - main.scripts.RunJob insertEvent 27066 main.scripts.RunJob.insertEvent(RunJob.java:183) main entry type is TRANSACTIONEND, ignore this entry
2020-05-20 13:41:25.091 INFO - main.scripts.RunJob insertEvent 27066 main.scripts.RunJob.insertEvent(RunJob.java:183) main entry type is TRANSACTIONBEGIN, ignore this entry
2020-05-20 13:41:25.091 INFO - main.scripts.RunJob insertEvent 27066 main.scripts.RunJob.insertEvent(RunJob.java:187) main traverse entry, batchId=mysql-bin.000001;position=2991291;executeTime=1589953280000
2020-05-20 13:41:25.091 INFO - main.scripts.RunJob insertEvent 27066 main.scripts.RunJob.insertEvent(RunJob.java:194) main the parsed tableName is canalfrombase.canalfromtable
2020-05-20 13:41:25.091 INFO - main.scripts.RunJob insertEvent 27066 main.scripts.RunJob.insertEvent(RunJob.java:183) main entry type is TRANSACTIONEND, ignore this entry
2020-05-20 13:41:25.091 INFO - main.scripts.RunJob insertEvent 27066 main.scripts.RunJob.insertEvent(RunJob.java:183) main entry type is TRANSACTIONBEGIN, ignore this entry
2020-05-20 13:41:25.091 INFO - main.scripts.RunJob insertEvent 27066 main.scripts.RunJob.insertEvent(RunJob.java:187) main traverse entry, batchId=mysql-bin.000001;position=2991605;executeTime=1589953280000
2020-05-20 13:41:25.091 INFO - main.scripts.RunJob insertEvent 27066 main.scripts.RunJob.insertEvent(RunJob.java:194) main the parsed tableName is canalfrombase.canalfromtable
2020-05-20 13:41:25.091 INFO - main.scripts.RunJob insertEvent 27066 main.scripts.RunJob.insertEvent(RunJob.java:183) main entry type is TRANSACTIONEND, ignore this entry
2020-05-20 13:41:25.091 INFO - main.scripts.RunJob insertEvent 27066 main.scripts.RunJob.insertEvent(RunJob.java:183) main entry type is TRANSACTIONBEGIN, ignore this entry
2020-05-20 13:41:25.092 INFO - main.scripts.RunJob insertEvent 27067 main.scripts.RunJob.insertEvent(RunJob.java:187) main traverse entry, batchId=mysql-bin.000001;position=2991919;executeTime=1589953280000
2020-05-20 13:41:25.092 INFO - main.scripts.RunJob insertEvent 27067 main.scripts.RunJob.insertEvent(RunJob.java:194) main the parsed tableName is canalfrombase.canalfromtable
2020-05-20 13:41:25.092 INFO - main.scripts.RunJob insertEvent 27067 main.scripts.RunJob.insertEvent(RunJob.java:183) main entry type is TRANSACTIONEND, ignore this entry
2020-05-20 13:41:25.092 INFO - main.scripts.RunJob insertEvent 27067 main.scripts.RunJob.insertEvent(RunJob.java:183) main entry type is TRANSACTIONBEGIN, ignore this entry
2020-05-20 13:41:25.092 INFO - main.scripts.RunJob insertEvent 27067 main.scripts.RunJob.insertEvent(RunJob.java:187) main traverse entry, batchId=mysql-bin.000001;position=2992233;executeTime=1589953280000
2020-05-20 13:41:25.092 INFO - main.scripts.RunJob insertEvent 27067 main.scripts.RunJob.insertEvent(RunJob.java:194) main the parsed tableName is canalfrombase.canalfromtable
2020-05-20 13:41:25.092 INFO - main.scripts.RunJob insertEvent 27067 main.scripts.RunJob.insertEvent(RunJob.java:183) main entry type is TRANSACTIONEND, ignore this entry
2020-05-20 13:41:25.092 INFO - main.scripts.RunJob insertEvent 27067 main.scripts.RunJob.insertEvent(RunJob.java:183) main entry type is TRANSACTIONBEGIN, ignore this entry
2020-05-20 13:41:25.092 INFO - main.scripts.RunJob insertEvent 27067 main.scripts.RunJob.insertEvent(RunJob.java:187) main traverse entry, batchId=mysql-bin.000001;position=2993346;executeTime=1589953280000
2020-05-20 13:41:25.092 INFO - main.scripts.RunJob insertEvent 27067 main.scripts.RunJob.insertEvent(RunJob.java:194) main the parsed tableName is canalfrombase.canalfromtable
2020-05-20 13:41:25.092 INFO - main.scripts.RunJob insertEvent 27067 main.scripts.RunJob.insertEvent(RunJob.java:183) main entry type is TRANSACTIONEND, ignore this entry
2020-05-20 13:41:25.092 INFO - main.scripts.RunJob doit 27067 main.scripts.RunJob.doit(RunJob.java:70) main ready to get 1000 data
2020-05-20 13:41:25.205 INFO - main.scripts.RunJob doit 27180 main.scripts.RunJob.doit(RunJob.java:76) main 0 entries got, batchId is -1
2020-05-20 13:41:25.205 INFO - main.scripts.RunJob doit 27180 main.scripts.RunJob.doit(RunJob.java:78) main no more message, waiting
2020-05-20 13:41:30.206 INFO - main.scripts.RunJob doit 32181 main.scripts.RunJob.doit(RunJob.java:70) main ready to get 1000 data
2020-05-20 13:41:30.289 INFO - main.scripts.RunJob doit 32264 main.scripts.RunJob.doit(RunJob.java:76) main 0 entries got, batchId is -1
2020-05-20 13:41:30.290 INFO - main.scripts.RunJob doit 32265 main.scripts.RunJob.doit(RunJob.java:78) main no more message, waiting
2020-05-20 13:41:35.291 INFO - main.scripts.RunJob doit 37266 main.scripts.RunJob.doit(RunJob.java:70) main ready to get 1000 data
2020-05-20 13:41:35.373 INFO - main.scripts.RunJob doit 37348 main.scripts.RunJob.doit(RunJob.java:76) main 0 entries got, batchId is -1
2020-05-20 13:41:35.373 INFO - main.scripts.RunJob doit 37348 main.scripts.RunJob.doit(RunJob.java:78) main no more message, waiting
2020-05-20 13:41:40.374 INFO - main.scripts.RunJob doit 42349 main.scripts.RunJob.doit(RunJob.java:70) main ready to get 1000 data
2020-05-20 13:41:40.456 INFO - main.scripts.RunJob doit 42431 main.scripts.RunJob.doit(RunJob.java:76) main 0 entries got, batchId is -1
2020-05-20 13:41:40.456 INFO - main.scripts.RunJob doit 42431 main.scripts.RunJob.doit(RunJob.java:78) main no more message, waiting
2020-05-20 13:41:45.457 INFO - main.scripts.RunJob doit 47432 main.scripts.RunJob.doit(RunJob.java:70) main ready to get 1000 data
2020-05-20 13:41:45.535 INFO - main.scripts.RunJob doit 47510 main.scripts.RunJob.doit(RunJob.java:76) main 0 entries got, batchId is -1
2020-05-20 13:41:45.535 INFO - main.scripts.RunJob doit 47510 main.scripts.RunJob.doit(RunJob.java:78) main no more message, waiting
