2020-06-01 10:54:29.490 INFO MainStart main 1 main 19 BEGIN_JOB DOING ->******************* THE JOB IS RUNNING *******************
2020-06-01 10:54:29.494 INFO MainStart main 5 main 52 INITIAL_JOB DOING
2020-06-01 10:54:29.512 INFO RunJob <init> 23 main 36 INITIAL_CONFIG DOING ->schemaPath=D:\programs\canal_pro\src\main\resources\schema1.xml,mysqlConnStr=mysql#base20=mycanal:1111@111.231.66.20:3306/tosdfbase,canalUrl=111.231.66.20:11111/example1,batchSize=1000
2020-06-01 10:54:29.521 INFO ConfigClass <init> 32 main 39 READ_FILE DOING ->reading schema file path=D:\programs\canal_pro\src\main\resources\schema1.xml
2020-06-01 10:54:29.521 INFO ConfigClass <init> 32 main 43 PROC_FILE DOING
2020-06-01 10:54:29.615 INFO ConfigClass <init> 126 main 61 PARSE_CANALURL DOING
2020-06-01 10:54:29.623 INFO ConfigClass <init> 134 main 66 PARSE_CANALURL SUCCESS
2020-06-01 10:54:29.623 INFO ConfigClass <init> 134 main 78 PARSE_MYSQLCONN DOING ->mysqlConnStr=mysql#base20=mycanal:1111@111.231.66.20:3306/tosdfbase
2020-06-01 10:54:29.624 INFO ConfigClass <init> 135 main 92 - - ->one connection prepared, url=base20:111.231.66.20:3306/tosdfbase
2020-06-01 10:54:29.624 INFO ConfigClass <init> 135 main 94 PARSE_MYSQLCONN SUCCESS
2020-06-01 10:54:29.624 INFO RunJob <init> 135 main 40 INITIAL_CONFIG SUCCESS
2020-06-01 10:54:29.625 INFO MainStart main 136 main 54 INITIAL_JOB SUCCESS
2020-06-01 10:54:29.625 INFO RunJob run 136 main 51 RUN_CORE DOING ->******************* THE CORE IS RUNNING ******************* 
2020-06-01 10:54:29.625 INFO RunJob run 136 main 55 INITIAL_CANALCONN DOING ->canalIp=111.231.66.20;canalPort=11111;canalDesti=example1
2020-06-01 10:54:29.647 INFO RunJob run 158 main 73 INITIAL_CANALCONN SUCCESS
2020-06-01 10:54:29.780 INFO ConfigClass getSubscribeStr 291 main 225 PARSE_FILTER SUCCESS ->filter=fromsdfbase.asset_total,fromsdfbase.con_fin_prt_inc,fromsdfbase.borrower,fromlocalbase.fromlocaltable
2020-06-01 10:54:29.828 INFO RunJob run 339 main 93 CONNECT_CANAL SUCCESS ->******************* CANAL CONNECTED *******************
2020-06-01 10:54:29.828 INFO RunJob run 339 main 96 RUN_LOOP DOING ->ready to get batchSize=1000
2020-06-01 10:55:04.969 INFO RunJob run 35480 main 117 RUN_LOOP CYCLING ->entriesSize=3, batchId=258
2020-06-01 10:55:04.982 INFO ConfigClass getSchemas 35493 main 119 PARSE_SCHEMAS DOING
2020-06-01 10:55:04.983 INFO ConfigClass getColumns 35494 main 155 PARSE_COLUMNS SUCCESS ->parse columns in schemas
2020-06-01 10:55:04.984 INFO ConfigClass getColumns 35495 main 155 PARSE_COLUMNS SUCCESS ->parse columns in schemas
2020-06-01 10:55:04.984 INFO ConfigClass getColumns 35495 main 155 PARSE_COLUMNS SUCCESS ->parse columns in schemas
2020-06-01 10:55:04.984 INFO ConfigClass getTables 35495 main 184 PARSE_TABLES SUCCESS ->parse tables in schemas
2020-06-01 10:55:04.985 INFO ConfigClass getColumns 35496 main 155 PARSE_COLUMNS SUCCESS ->parse columns in schemas
2020-06-01 10:55:04.985 INFO ConfigClass getTables 35496 main 184 PARSE_TABLES SUCCESS ->parse tables in schemas
2020-06-01 10:55:04.985 INFO ConfigClass getSchemas 35496 main 131 PARSE_SCHEMAS SUCCESS ->schemasNum=2
2020-06-01 10:55:04.985 INFO RunJob run 35496 main 121 RUN_LOOP INSERT ->ready to insert .....
2020-06-01 10:55:04.987 INFO RunJob insertEvent 35498 main 188 INSERT PREPARE ->traversing schemas
2020-06-01 10:55:04.987 INFO RunJob insertEvent 35498 main 199 TRAVERSE DOING ->sourceTable=fromsdfbase.asset_total, destinationTable=tosdfbase.asset_total
2020-06-01 10:55:05.052 WARN RunJob parseCondition 35563 main 401 PARSE_CONDITION FAILED -> no condition here
2020-06-01 10:55:05.052 INFO RunJob insertEvent 35563 main 206 INSERT PREPARE ->insertSize=20, mysql connection name=base20 
2020-06-01 10:55:05.052 INFO RunJob insertEvent 35563 main 218 INSERT PREPARE ->destination columns = asset_uuid,asset_principal_value,asset_interest_value,asset_recycle_date,create_time,last_modified_time,current_period,version_no,old_version,contract_uuid,active_finger_print,flagg,old_ctime,time_flag,single_loan_contract_no,outer_repayment_plan_no,etl_id,log_time,rec_time,proc_batch,flag,log_rec_size,log_rec_pos,operate,log_file_name
2020-06-01 10:55:05.054 INFO RunJob insertEvent 35565 main 272 PARSE_ENTRY DOING -> eventType=INSERT, logTime=1590980104000, bin-log position=581088, databaseName=fromsdfbase, tableName=asset_total
2020-06-01 10:55:05.054 WARN RunJob insertEvent 35565 main 295 PARSE_EXPRESSION FAILED -> caused by missing condition, ignore it
2020-06-01 10:55:05.514 INFO RunJob insertEvent 36025 main 350 INSERT PREPARE ->valueRows does't match the insertSize
2020-06-01 10:55:05.515 INFO RunJob executeInsert 36026 main 430 GET_MYSQLCONN DOING ->connect args=mycanal:1111@111.231.66.20:3306/tosdfbase
2020-06-01 10:55:05.911 INFO RunJob executeInsert 36422 main 441 GET_MYSQLCONN SUCCESS
2020-06-01 10:55:05.915 INFO RunJob executeInsert 36426 main 447 INSERT PREPARE ->sql=replace into tosdfbase.asset_total(asset_uuid,asset_principal_value,asset_interest_value,asset_recycle_date,create_time,last_modified_time,current_period,version_no,old_version,contract_uuid,active_finger_print,flagg,old_ctime,time_flag,single_loan_contract_no,outer_repayment_plan_no,etl_id,log_time,rec_time,proc_batch,flag,log_rec_size,log_rec_pos,operate,log_file_name) values("4b382b3c-a3b3-11ea-b5ee-5254004c9a2c","158.46","30.08","2019-05-10","2019-01-01 12:03:52","2019-05-11 18:29:26","4","1","1","4b3a9436-a3b3-11ea-b5ee-5254004c9a2c","b3cb4b1be87ad5e654301ea17224ad9b","1","2019-01-01 12:03:52.000000","63731750400","ZC277448872695070720","XM277443498672521216","5f6ba9401e7f4a2bae9604319fe655b5","323543","2020-06-01 10:55:05514","1590980104000","0","924","581088","0","2053088980");
2020-06-01 10:55:05.972 INFO RunJob executeInsert 36483 main 454 INSERT SUCCESS
2020-06-01 10:55:05.981 INFO RunJob insertEvent 36492 main 199 TRAVERSE DOING ->sourceTable=fromsdfbase.con_fin_prt_inc, destinationTable=tosdfbase.con_fin_prt_inc
2020-06-01 10:55:05.983 WARN RunJob parseCondition 36494 main 401 PARSE_CONDITION FAILED -> no condition here
2020-06-01 10:55:05.983 INFO RunJob insertEvent 36494 main 206 INSERT PREPARE ->insertSize=20, mysql connection name=base20 
2020-06-01 10:55:05.984 INFO RunJob insertEvent 36495 main 218 INSERT PREPARE ->destination columns = id,loan_id,contract_uuid,version_no,core_finger_print,installments,create_time,repeated,time_flag,version_order,etl_id,log_time,rec_time,proc_batch,flag,log_rec_size,log_rec_pos,operate,log_file_name
2020-06-01 10:55:05.986 INFO RunJob insertEvent 36497 main 199 TRAVERSE DOING ->sourceTable=fromsdfbase.borrower, destinationTable=tosdfbase.borrower
2020-06-01 10:55:05.988 WARN RunJob parseCondition 36499 main 401 PARSE_CONDITION FAILED -> no condition here
2020-06-01 10:55:05.989 INFO RunJob insertEvent 36500 main 206 INSERT PREPARE ->insertSize=30, mysql connection name=base20 
2020-06-01 10:55:05.990 INFO RunJob insertEvent 36501 main 218 INSERT PREPARE ->destination columns = id,borrower_uuid,borrower_name,certificate_type,certificate_no,gmt_create,etl_id,log_time,rec_time,proc_batch,flag,log_rec_size,log_rec_pos,operate,log_file_name
2020-06-01 10:55:05.993 INFO RunJob insertEvent 36504 main 199 TRAVERSE DOING ->sourceTable=fromlocalbase.fromlocaltable, destinationTable=tosdfbase.borrower
2020-06-01 10:55:05.995 WARN RunJob parseCondition 36506 main 401 PARSE_CONDITION FAILED -> no condition here
2020-06-01 10:55:05.996 INFO RunJob insertEvent 36507 main 206 INSERT PREPARE ->insertSize=30, mysql connection name=base20 
2020-06-01 10:55:05.996 INFO RunJob insertEvent 36507 main 218 INSERT PREPARE ->destination columns = age,etl_id,log_time,rec_time,proc_batch,flag,log_rec_size,log_rec_pos,operate,log_file_name
2020-06-01 10:55:05.998 INFO RunJob run 36509 main 123 RUN_LOOP SUCCESS ->insert success
2020-06-01 10:55:06.060 INFO RunJob run 36571 main 117 RUN_LOOP CYCLING ->entriesSize=2, batchId=259
2020-06-01 10:55:06.060 INFO ConfigClass getSchemas 36571 main 119 PARSE_SCHEMAS DOING
2020-06-01 10:55:06.060 INFO ConfigClass getColumns 36571 main 155 PARSE_COLUMNS SUCCESS ->parse columns in schemas
2020-06-01 10:55:06.061 INFO ConfigClass getColumns 36572 main 155 PARSE_COLUMNS SUCCESS ->parse columns in schemas
2020-06-01 10:55:06.061 INFO ConfigClass getColumns 36572 main 155 PARSE_COLUMNS SUCCESS ->parse columns in schemas
2020-06-01 10:55:06.061 INFO ConfigClass getTables 36572 main 184 PARSE_TABLES SUCCESS ->parse tables in schemas
2020-06-01 10:55:06.062 INFO ConfigClass getColumns 36573 main 155 PARSE_COLUMNS SUCCESS ->parse columns in schemas
2020-06-01 10:55:06.062 INFO ConfigClass getTables 36573 main 184 PARSE_TABLES SUCCESS ->parse tables in schemas
2020-06-01 10:55:06.062 INFO ConfigClass getSchemas 36573 main 131 PARSE_SCHEMAS SUCCESS ->schemasNum=2
2020-06-01 10:55:06.062 INFO RunJob run 36573 main 121 RUN_LOOP INSERT ->ready to insert .....
2020-06-01 10:55:06.062 INFO RunJob insertEvent 36573 main 188 INSERT PREPARE ->traversing schemas
2020-06-01 10:55:06.063 INFO RunJob insertEvent 36574 main 199 TRAVERSE DOING ->sourceTable=fromsdfbase.asset_total, destinationTable=tosdfbase.asset_total
2020-06-01 10:55:06.063 WARN RunJob parseCondition 36574 main 401 PARSE_CONDITION FAILED -> no condition here
2020-06-01 10:55:06.063 INFO RunJob insertEvent 36574 main 206 INSERT PREPARE ->insertSize=20, mysql connection name=base20 
2020-06-01 10:55:06.063 INFO RunJob insertEvent 36574 main 218 INSERT PREPARE ->destination columns = asset_uuid,asset_principal_value,asset_interest_value,asset_recycle_date,create_time,last_modified_time,current_period,version_no,old_version,contract_uuid,active_finger_print,flagg,old_ctime,time_flag,single_loan_contract_no,outer_repayment_plan_no,etl_id,log_time,rec_time,proc_batch,flag,log_rec_size,log_rec_pos,operate,log_file_name
2020-06-01 10:55:06.064 INFO RunJob insertEvent 36575 main 199 TRAVERSE DOING ->sourceTable=fromsdfbase.con_fin_prt_inc, destinationTable=tosdfbase.con_fin_prt_inc
2020-06-01 10:55:06.064 WARN RunJob parseCondition 36575 main 401 PARSE_CONDITION FAILED -> no condition here
2020-06-01 10:55:06.064 INFO RunJob insertEvent 36575 main 206 INSERT PREPARE ->insertSize=20, mysql connection name=base20 
2020-06-01 10:55:06.064 INFO RunJob insertEvent 36575 main 218 INSERT PREPARE ->destination columns = id,loan_id,contract_uuid,version_no,core_finger_print,installments,create_time,repeated,time_flag,version_order,etl_id,log_time,rec_time,proc_batch,flag,log_rec_size,log_rec_pos,operate,log_file_name
2020-06-01 10:55:06.065 INFO RunJob insertEvent 36576 main 199 TRAVERSE DOING ->sourceTable=fromsdfbase.borrower, destinationTable=tosdfbase.borrower
2020-06-01 10:55:06.065 WARN RunJob parseCondition 36576 main 401 PARSE_CONDITION FAILED -> no condition here
2020-06-01 10:55:06.065 INFO RunJob insertEvent 36576 main 206 INSERT PREPARE ->insertSize=30, mysql connection name=base20 
2020-06-01 10:55:06.066 INFO RunJob insertEvent 36577 main 218 INSERT PREPARE ->destination columns = id,borrower_uuid,borrower_name,certificate_type,certificate_no,gmt_create,etl_id,log_time,rec_time,proc_batch,flag,log_rec_size,log_rec_pos,operate,log_file_name
2020-06-01 10:55:06.066 INFO RunJob insertEvent 36577 main 199 TRAVERSE DOING ->sourceTable=fromlocalbase.fromlocaltable, destinationTable=tosdfbase.borrower
2020-06-01 10:55:06.066 WARN RunJob parseCondition 36577 main 401 PARSE_CONDITION FAILED -> no condition here
2020-06-01 10:55:06.066 INFO RunJob insertEvent 36577 main 206 INSERT PREPARE ->insertSize=30, mysql connection name=base20 
2020-06-01 10:55:06.067 INFO RunJob insertEvent 36578 main 218 INSERT PREPARE ->destination columns = age,etl_id,log_time,rec_time,proc_batch,flag,log_rec_size,log_rec_pos,operate,log_file_name
2020-06-01 10:55:06.067 INFO RunJob run 36578 main 123 RUN_LOOP SUCCESS ->insert success
2020-06-01 10:55:10.251 INFO RunJob run 40762 main 107 RUN_LOOP WAITING
2020-06-01 10:55:30.903 INFO RunJob run 61414 main 117 RUN_LOOP CYCLING ->entriesSize=3, batchId=260
2020-06-01 10:55:30.904 INFO ConfigClass getSchemas 61415 main 119 PARSE_SCHEMAS DOING
2020-06-01 10:55:30.904 INFO ConfigClass getColumns 61415 main 155 PARSE_COLUMNS SUCCESS ->parse columns in schemas
2020-06-01 10:55:30.904 INFO ConfigClass getColumns 61415 main 155 PARSE_COLUMNS SUCCESS ->parse columns in schemas
2020-06-01 10:55:30.905 INFO ConfigClass getColumns 61416 main 155 PARSE_COLUMNS SUCCESS ->parse columns in schemas
2020-06-01 10:55:30.905 INFO ConfigClass getTables 61416 main 184 PARSE_TABLES SUCCESS ->parse tables in schemas
2020-06-01 10:55:30.905 INFO ConfigClass getColumns 61416 main 155 PARSE_COLUMNS SUCCESS ->parse columns in schemas
2020-06-01 10:55:30.905 INFO ConfigClass getTables 61416 main 184 PARSE_TABLES SUCCESS ->parse tables in schemas
2020-06-01 10:55:30.906 INFO ConfigClass getSchemas 61417 main 131 PARSE_SCHEMAS SUCCESS ->schemasNum=2
2020-06-01 10:55:30.906 INFO RunJob run 61417 main 121 RUN_LOOP INSERT ->ready to insert .....
2020-06-01 10:55:30.906 INFO RunJob insertEvent 61417 main 188 INSERT PREPARE ->traversing schemas
2020-06-01 10:55:30.906 INFO RunJob insertEvent 61417 main 199 TRAVERSE DOING ->sourceTable=fromsdfbase.asset_total, destinationTable=tosdfbase.asset_total
2020-06-01 10:55:30.907 WARN RunJob parseCondition 61418 main 401 PARSE_CONDITION FAILED -> no condition here
2020-06-01 10:55:30.907 INFO RunJob insertEvent 61418 main 206 INSERT PREPARE ->insertSize=20, mysql connection name=base20 
2020-06-01 10:55:30.907 INFO RunJob insertEvent 61418 main 218 INSERT PREPARE ->destination columns = asset_uuid,asset_principal_value,asset_interest_value,asset_recycle_date,create_time,last_modified_time,current_period,version_no,old_version,contract_uuid,active_finger_print,flagg,old_ctime,time_flag,single_loan_contract_no,outer_repayment_plan_no,etl_id,log_time,rec_time,proc_batch,flag,log_rec_size,log_rec_pos,operate,log_file_name
2020-06-01 10:55:30.907 INFO RunJob insertEvent 61418 main 272 PARSE_ENTRY DOING -> eventType=INSERT, logTime=1590980130000, bin-log position=582229, databaseName=fromsdfbase, tableName=asset_total
2020-06-01 10:55:30.907 WARN RunJob insertEvent 61418 main 295 PARSE_EXPRESSION FAILED -> caused by missing condition, ignore it
2020-06-01 10:55:30.908 INFO RunJob insertEvent 61419 main 350 INSERT PREPARE ->valueRows does't match the insertSize
2020-06-01 10:55:30.908 INFO RunJob executeInsert 61419 main 430 GET_MYSQLCONN DOING ->connect args=mycanal:1111@111.231.66.20:3306/tosdfbase
2020-06-01 10:55:31.028 INFO RunJob executeInsert 61539 main 441 GET_MYSQLCONN SUCCESS
2020-06-01 10:55:31.028 INFO RunJob executeInsert 61539 main 447 INSERT PREPARE ->sql=replace into tosdfbase.asset_total(asset_uuid,asset_principal_value,asset_interest_value,asset_recycle_date,create_time,last_modified_time,current_period,version_no,old_version,contract_uuid,active_finger_print,flagg,old_ctime,time_flag,single_loan_contract_no,outer_repayment_plan_no,etl_id,log_time,rec_time,proc_batch,flag,log_rec_size,log_rec_pos,operate,log_file_name) values("5adec2a0-a3b3-11ea-b5ee-5254004c9a2c","158.46","30.08","2019-05-10","2019-01-01 12:03:52","2019-05-11 18:29:26","4","1","1","5adec302-a3b3-11ea-b5ee-5254004c9a2c","b3cb4b1be87ad5e654301ea17224ad9b","1","2019-01-01 12:03:52.000000","63731750400","ZC277448872695070720","XM277443498672521216","cae7c8eb44c54a83865fe2286bb8aadd","323567","2020-06-01 10:55:30908","1590980130000","0","924","582229","0","2053088980");
2020-06-01 10:55:31.079 INFO RunJob executeInsert 61590 main 454 INSERT SUCCESS
2020-06-01 10:55:31.079 INFO RunJob insertEvent 61590 main 199 TRAVERSE DOING ->sourceTable=fromsdfbase.con_fin_prt_inc, destinationTable=tosdfbase.con_fin_prt_inc
2020-06-01 10:55:31.080 WARN RunJob parseCondition 61591 main 401 PARSE_CONDITION FAILED -> no condition here
2020-06-01 10:55:31.080 INFO RunJob insertEvent 61591 main 206 INSERT PREPARE ->insertSize=20, mysql connection name=base20 
2020-06-01 10:55:31.080 INFO RunJob insertEvent 61591 main 218 INSERT PREPARE ->destination columns = id,loan_id,contract_uuid,version_no,core_finger_print,installments,create_time,repeated,time_flag,version_order,etl_id,log_time,rec_time,proc_batch,flag,log_rec_size,log_rec_pos,operate,log_file_name
2020-06-01 10:55:31.081 INFO RunJob insertEvent 61592 main 199 TRAVERSE DOING ->sourceTable=fromsdfbase.borrower, destinationTable=tosdfbase.borrower
2020-06-01 10:55:31.081 WARN RunJob parseCondition 61592 main 401 PARSE_CONDITION FAILED -> no condition here
2020-06-01 10:55:31.081 INFO RunJob insertEvent 61592 main 206 INSERT PREPARE ->insertSize=30, mysql connection name=base20 
2020-06-01 10:55:31.081 INFO RunJob insertEvent 61592 main 218 INSERT PREPARE ->destination columns = id,borrower_uuid,borrower_name,certificate_type,certificate_no,gmt_create,etl_id,log_time,rec_time,proc_batch,flag,log_rec_size,log_rec_pos,operate,log_file_name
2020-06-01 10:55:31.082 INFO RunJob insertEvent 61593 main 199 TRAVERSE DOING ->sourceTable=fromlocalbase.fromlocaltable, destinationTable=tosdfbase.borrower
2020-06-01 10:55:31.082 WARN RunJob parseCondition 61593 main 401 PARSE_CONDITION FAILED -> no condition here
2020-06-01 10:55:31.082 INFO RunJob insertEvent 61593 main 206 INSERT PREPARE ->insertSize=30, mysql connection name=base20 
2020-06-01 10:55:31.082 INFO RunJob insertEvent 61593 main 218 INSERT PREPARE ->destination columns = age,etl_id,log_time,rec_time,proc_batch,flag,log_rec_size,log_rec_pos,operate,log_file_name
2020-06-01 10:55:31.082 INFO RunJob run 61593 main 123 RUN_LOOP SUCCESS ->insert success
2020-06-01 10:55:31.143 INFO RunJob run 61654 main 117 RUN_LOOP CYCLING ->entriesSize=2, batchId=261
2020-06-01 10:55:31.143 INFO ConfigClass getSchemas 61654 main 119 PARSE_SCHEMAS DOING
2020-06-01 10:55:31.143 INFO ConfigClass getColumns 61654 main 155 PARSE_COLUMNS SUCCESS ->parse columns in schemas
2020-06-01 10:55:31.144 INFO ConfigClass getColumns 61655 main 155 PARSE_COLUMNS SUCCESS ->parse columns in schemas
2020-06-01 10:55:31.144 INFO ConfigClass getColumns 61655 main 155 PARSE_COLUMNS SUCCESS ->parse columns in schemas
2020-06-01 10:55:31.144 INFO ConfigClass getTables 61655 main 184 PARSE_TABLES SUCCESS ->parse tables in schemas
2020-06-01 10:55:31.144 INFO ConfigClass getColumns 61655 main 155 PARSE_COLUMNS SUCCESS ->parse columns in schemas
2020-06-01 10:55:31.145 INFO ConfigClass getTables 61656 main 184 PARSE_TABLES SUCCESS ->parse tables in schemas
2020-06-01 10:55:31.145 INFO ConfigClass getSchemas 61656 main 131 PARSE_SCHEMAS SUCCESS ->schemasNum=2
2020-06-01 10:55:31.145 INFO RunJob run 61656 main 121 RUN_LOOP INSERT ->ready to insert .....
2020-06-01 10:55:31.145 INFO RunJob insertEvent 61656 main 188 INSERT PREPARE ->traversing schemas
2020-06-01 10:55:31.145 INFO RunJob insertEvent 61656 main 199 TRAVERSE DOING ->sourceTable=fromsdfbase.asset_total, destinationTable=tosdfbase.asset_total
2020-06-01 10:55:31.146 WARN RunJob parseCondition 61657 main 401 PARSE_CONDITION FAILED -> no condition here
2020-06-01 10:55:31.146 INFO RunJob insertEvent 61657 main 206 INSERT PREPARE ->insertSize=20, mysql connection name=base20 
2020-06-01 10:55:31.146 INFO RunJob insertEvent 61657 main 218 INSERT PREPARE ->destination columns = asset_uuid,asset_principal_value,asset_interest_value,asset_recycle_date,create_time,last_modified_time,current_period,version_no,old_version,contract_uuid,active_finger_print,flagg,old_ctime,time_flag,single_loan_contract_no,outer_repayment_plan_no,etl_id,log_time,rec_time,proc_batch,flag,log_rec_size,log_rec_pos,operate,log_file_name
2020-06-01 10:55:31.146 INFO RunJob insertEvent 61657 main 199 TRAVERSE DOING ->sourceTable=fromsdfbase.con_fin_prt_inc, destinationTable=tosdfbase.con_fin_prt_inc
2020-06-01 10:55:31.147 WARN RunJob parseCondition 61658 main 401 PARSE_CONDITION FAILED -> no condition here
2020-06-01 10:55:31.147 INFO RunJob insertEvent 61658 main 206 INSERT PREPARE ->insertSize=20, mysql connection name=base20 
2020-06-01 10:55:31.147 INFO RunJob insertEvent 61658 main 218 INSERT PREPARE ->destination columns = id,loan_id,contract_uuid,version_no,core_finger_print,installments,create_time,repeated,time_flag,version_order,etl_id,log_time,rec_time,proc_batch,flag,log_rec_size,log_rec_pos,operate,log_file_name
2020-06-01 10:55:31.147 INFO RunJob insertEvent 61658 main 199 TRAVERSE DOING ->sourceTable=fromsdfbase.borrower, destinationTable=tosdfbase.borrower
2020-06-01 10:55:31.148 WARN RunJob parseCondition 61659 main 401 PARSE_CONDITION FAILED -> no condition here
2020-06-01 10:55:31.148 INFO RunJob insertEvent 61659 main 206 INSERT PREPARE ->insertSize=30, mysql connection name=base20 
2020-06-01 10:55:31.148 INFO RunJob insertEvent 61659 main 218 INSERT PREPARE ->destination columns = id,borrower_uuid,borrower_name,certificate_type,certificate_no,gmt_create,etl_id,log_time,rec_time,proc_batch,flag,log_rec_size,log_rec_pos,operate,log_file_name
2020-06-01 10:55:31.148 INFO RunJob insertEvent 61659 main 199 TRAVERSE DOING ->sourceTable=fromlocalbase.fromlocaltable, destinationTable=tosdfbase.borrower
2020-06-01 10:55:31.149 WARN RunJob parseCondition 61660 main 401 PARSE_CONDITION FAILED -> no condition here
2020-06-01 10:55:31.149 INFO RunJob insertEvent 61660 main 206 INSERT PREPARE ->insertSize=30, mysql connection name=base20 
2020-06-01 10:55:31.149 INFO RunJob insertEvent 61660 main 218 INSERT PREPARE ->destination columns = age,etl_id,log_time,rec_time,proc_batch,flag,log_rec_size,log_rec_pos,operate,log_file_name
2020-06-01 10:55:31.149 INFO RunJob run 61660 main 123 RUN_LOOP SUCCESS ->insert success
2020-06-01 10:55:39.459 INFO RunJob run 69970 main 117 RUN_LOOP CYCLING ->entriesSize=6, batchId=262
2020-06-01 10:55:39.461 INFO ConfigClass getSchemas 69972 main 119 PARSE_SCHEMAS DOING
2020-06-01 10:55:39.462 INFO ConfigClass getColumns 69973 main 155 PARSE_COLUMNS SUCCESS ->parse columns in schemas
2020-06-01 10:55:39.462 INFO ConfigClass getColumns 69973 main 155 PARSE_COLUMNS SUCCESS ->parse columns in schemas
2020-06-01 10:55:39.463 INFO ConfigClass getColumns 69974 main 155 PARSE_COLUMNS SUCCESS ->parse columns in schemas
2020-06-01 10:55:39.463 INFO ConfigClass getTables 69974 main 184 PARSE_TABLES SUCCESS ->parse tables in schemas
2020-06-01 10:55:39.463 INFO ConfigClass getColumns 69974 main 155 PARSE_COLUMNS SUCCESS ->parse columns in schemas
2020-06-01 10:55:39.464 INFO ConfigClass getTables 69975 main 184 PARSE_TABLES SUCCESS ->parse tables in schemas
2020-06-01 10:55:39.464 INFO ConfigClass getSchemas 69975 main 131 PARSE_SCHEMAS SUCCESS ->schemasNum=2
2020-06-01 10:55:39.464 INFO RunJob run 69975 main 121 RUN_LOOP INSERT ->ready to insert .....
2020-06-01 10:55:39.464 INFO RunJob insertEvent 69975 main 188 INSERT PREPARE ->traversing schemas
2020-06-01 10:55:39.465 INFO RunJob insertEvent 69976 main 199 TRAVERSE DOING ->sourceTable=fromsdfbase.asset_total, destinationTable=tosdfbase.asset_total
2020-06-01 10:55:39.465 WARN RunJob parseCondition 69976 main 401 PARSE_CONDITION FAILED -> no condition here
2020-06-01 10:55:39.466 INFO RunJob insertEvent 69977 main 206 INSERT PREPARE ->insertSize=20, mysql connection name=base20 
2020-06-01 10:55:39.466 INFO RunJob insertEvent 69977 main 218 INSERT PREPARE ->destination columns = asset_uuid,asset_principal_value,asset_interest_value,asset_recycle_date,create_time,last_modified_time,current_period,version_no,old_version,contract_uuid,active_finger_print,flagg,old_ctime,time_flag,single_loan_contract_no,outer_repayment_plan_no,etl_id,log_time,rec_time,proc_batch,flag,log_rec_size,log_rec_pos,operate,log_file_name
2020-06-01 10:55:39.468 INFO RunJob insertEvent 69979 main 272 PARSE_ENTRY DOING -> eventType=INSERT, logTime=1590980137000, bin-log position=583370, databaseName=fromsdfbase, tableName=asset_total
2020-06-01 10:55:39.468 WARN RunJob insertEvent 69979 main 295 PARSE_EXPRESSION FAILED -> caused by missing condition, ignore it
2020-06-01 10:55:39.469 INFO RunJob insertEvent 69980 main 272 PARSE_ENTRY DOING -> eventType=INSERT, logTime=1590980138000, bin-log position=583878, databaseName=fromsdfbase, tableName=asset_total
2020-06-01 10:55:39.470 WARN RunJob insertEvent 69981 main 295 PARSE_EXPRESSION FAILED -> caused by missing condition, ignore it
2020-06-01 10:55:39.470 INFO RunJob insertEvent 69981 main 350 INSERT PREPARE ->valueRows does't match the insertSize
2020-06-01 10:55:39.471 INFO RunJob executeInsert 69982 main 430 GET_MYSQLCONN DOING ->connect args=mycanal:1111@111.231.66.20:3306/tosdfbase
2020-06-01 10:55:39.626 INFO RunJob executeInsert 70137 main 441 GET_MYSQLCONN SUCCESS
2020-06-01 10:55:39.627 INFO RunJob executeInsert 70138 main 447 INSERT PREPARE ->sql=replace into tosdfbase.asset_total(asset_uuid,asset_principal_value,asset_interest_value,asset_recycle_date,create_time,last_modified_time,current_period,version_no,old_version,contract_uuid,active_finger_print,flagg,old_ctime,time_flag,single_loan_contract_no,outer_repayment_plan_no,etl_id,log_time,rec_time,proc_batch,flag,log_rec_size,log_rec_pos,operate,log_file_name) values("5f12abb1-a3b3-11ea-b5ee-5254004c9a2c","158.46","30.08","2019-05-10","2019-01-01 12:03:52","2019-05-11 18:29:26","4","1","1","5f12ac11-a3b3-11ea-b5ee-5254004c9a2c","b3cb4b1be87ad5e654301ea17224ad9b","1","2019-01-01 12:03:52.000000","63731750400","ZC277448872695070720","XM277443498672521216","9729d2aec2be4df6b501ad154f17b3dd","323582","2020-06-01 10:55:39468","1590980137000","0","924","583370","0","2053088980"),("5f461882-a3b3-11ea-b5ee-5254004c9a2c","158.46","30.08","2019-05-10","2019-01-01 12:03:52","2019-05-11 18:29:26","4","1","1","5f4618e3-a3b3-11ea-b5ee-5254004c9a2c","b3cb4b1be87ad5e654301ea17224ad9b","1","2019-01-01 12:03:52.000000","63731750400","ZC277448872695070720","XM277443498672521216","088eec22bcd44de9a8dbe7c65e2c6415","323586","2020-06-01 10:55:39470","1590980138000","0","924","583878","0","2053088980");
2020-06-01 10:55:39.678 INFO RunJob executeInsert 70189 main 454 INSERT SUCCESS
2020-06-01 10:55:39.679 INFO RunJob insertEvent 70190 main 199 TRAVERSE DOING ->sourceTable=fromsdfbase.con_fin_prt_inc, destinationTable=tosdfbase.con_fin_prt_inc
2020-06-01 10:55:39.680 WARN RunJob parseCondition 70191 main 401 PARSE_CONDITION FAILED -> no condition here
2020-06-01 10:55:39.680 INFO RunJob insertEvent 70191 main 206 INSERT PREPARE ->insertSize=20, mysql connection name=base20 
2020-06-01 10:55:39.680 INFO RunJob insertEvent 70191 main 218 INSERT PREPARE ->destination columns = id,loan_id,contract_uuid,version_no,core_finger_print,installments,create_time,repeated,time_flag,version_order,etl_id,log_time,rec_time,proc_batch,flag,log_rec_size,log_rec_pos,operate,log_file_name
2020-06-01 10:55:39.680 INFO RunJob insertEvent 70191 main 199 TRAVERSE DOING ->sourceTable=fromsdfbase.borrower, destinationTable=tosdfbase.borrower
2020-06-01 10:55:39.681 WARN RunJob parseCondition 70192 main 401 PARSE_CONDITION FAILED -> no condition here
2020-06-01 10:55:39.681 INFO RunJob insertEvent 70192 main 206 INSERT PREPARE ->insertSize=30, mysql connection name=base20 
2020-06-01 10:55:39.681 INFO RunJob insertEvent 70192 main 218 INSERT PREPARE ->destination columns = id,borrower_uuid,borrower_name,certificate_type,certificate_no,gmt_create,etl_id,log_time,rec_time,proc_batch,flag,log_rec_size,log_rec_pos,operate,log_file_name
2020-06-01 10:55:39.682 INFO RunJob insertEvent 70193 main 199 TRAVERSE DOING ->sourceTable=fromlocalbase.fromlocaltable, destinationTable=tosdfbase.borrower
2020-06-01 10:55:39.682 WARN RunJob parseCondition 70193 main 401 PARSE_CONDITION FAILED -> no condition here
2020-06-01 10:55:39.682 INFO RunJob insertEvent 70193 main 206 INSERT PREPARE ->insertSize=30, mysql connection name=base20 
2020-06-01 10:55:39.682 INFO RunJob insertEvent 70193 main 218 INSERT PREPARE ->destination columns = age,etl_id,log_time,rec_time,proc_batch,flag,log_rec_size,log_rec_pos,operate,log_file_name
2020-06-01 10:55:39.683 INFO RunJob run 70194 main 123 RUN_LOOP SUCCESS ->insert success
2020-06-01 10:55:39.745 INFO RunJob run 70256 main 117 RUN_LOOP CYCLING ->entriesSize=2, batchId=263
2020-06-01 10:55:39.745 INFO ConfigClass getSchemas 70256 main 119 PARSE_SCHEMAS DOING
2020-06-01 10:55:39.745 INFO ConfigClass getColumns 70256 main 155 PARSE_COLUMNS SUCCESS ->parse columns in schemas
2020-06-01 10:55:39.746 INFO ConfigClass getColumns 70257 main 155 PARSE_COLUMNS SUCCESS ->parse columns in schemas
2020-06-01 10:55:39.746 INFO ConfigClass getColumns 70257 main 155 PARSE_COLUMNS SUCCESS ->parse columns in schemas
2020-06-01 10:55:39.746 INFO ConfigClass getTables 70257 main 184 PARSE_TABLES SUCCESS ->parse tables in schemas
2020-06-01 10:55:39.746 INFO ConfigClass getColumns 70257 main 155 PARSE_COLUMNS SUCCESS ->parse columns in schemas
2020-06-01 10:55:39.746 INFO ConfigClass getTables 70257 main 184 PARSE_TABLES SUCCESS ->parse tables in schemas
2020-06-01 10:55:39.746 INFO ConfigClass getSchemas 70257 main 131 PARSE_SCHEMAS SUCCESS ->schemasNum=2
2020-06-01 10:55:39.746 INFO RunJob run 70257 main 121 RUN_LOOP INSERT ->ready to insert .....
2020-06-01 10:55:39.746 INFO RunJob insertEvent 70257 main 188 INSERT PREPARE ->traversing schemas
2020-06-01 10:55:39.747 INFO RunJob insertEvent 70258 main 199 TRAVERSE DOING ->sourceTable=fromsdfbase.asset_total, destinationTable=tosdfbase.asset_total
2020-06-01 10:55:39.747 WARN RunJob parseCondition 70258 main 401 PARSE_CONDITION FAILED -> no condition here
2020-06-01 10:55:39.747 INFO RunJob insertEvent 70258 main 206 INSERT PREPARE ->insertSize=20, mysql connection name=base20 
2020-06-01 10:55:39.747 INFO RunJob insertEvent 70258 main 218 INSERT PREPARE ->destination columns = asset_uuid,asset_principal_value,asset_interest_value,asset_recycle_date,create_time,last_modified_time,current_period,version_no,old_version,contract_uuid,active_finger_print,flagg,old_ctime,time_flag,single_loan_contract_no,outer_repayment_plan_no,etl_id,log_time,rec_time,proc_batch,flag,log_rec_size,log_rec_pos,operate,log_file_name
2020-06-01 10:55:39.747 INFO RunJob insertEvent 70258 main 199 TRAVERSE DOING ->sourceTable=fromsdfbase.con_fin_prt_inc, destinationTable=tosdfbase.con_fin_prt_inc
2020-06-01 10:55:39.748 WARN RunJob parseCondition 70259 main 401 PARSE_CONDITION FAILED -> no condition here
2020-06-01 10:55:39.748 INFO RunJob insertEvent 70259 main 206 INSERT PREPARE ->insertSize=20, mysql connection name=base20 
2020-06-01 10:55:39.748 INFO RunJob insertEvent 70259 main 218 INSERT PREPARE ->destination columns = id,loan_id,contract_uuid,version_no,core_finger_print,installments,create_time,repeated,time_flag,version_order,etl_id,log_time,rec_time,proc_batch,flag,log_rec_size,log_rec_pos,operate,log_file_name
2020-06-01 10:55:39.748 INFO RunJob insertEvent 70259 main 199 TRAVERSE DOING ->sourceTable=fromsdfbase.borrower, destinationTable=tosdfbase.borrower
2020-06-01 10:55:39.748 WARN RunJob parseCondition 70259 main 401 PARSE_CONDITION FAILED -> no condition here
2020-06-01 10:55:39.748 INFO RunJob insertEvent 70259 main 206 INSERT PREPARE ->insertSize=30, mysql connection name=base20 
2020-06-01 10:55:39.749 INFO RunJob insertEvent 70260 main 218 INSERT PREPARE ->destination columns = id,borrower_uuid,borrower_name,certificate_type,certificate_no,gmt_create,etl_id,log_time,rec_time,proc_batch,flag,log_rec_size,log_rec_pos,operate,log_file_name
2020-06-01 10:55:39.749 INFO RunJob insertEvent 70260 main 199 TRAVERSE DOING ->sourceTable=fromlocalbase.fromlocaltable, destinationTable=tosdfbase.borrower
2020-06-01 10:55:39.749 WARN RunJob parseCondition 70260 main 401 PARSE_CONDITION FAILED -> no condition here
2020-06-01 10:55:39.749 INFO RunJob insertEvent 70260 main 206 INSERT PREPARE ->insertSize=30, mysql connection name=base20 
2020-06-01 10:55:39.749 INFO RunJob insertEvent 70260 main 218 INSERT PREPARE ->destination columns = age,etl_id,log_time,rec_time,proc_batch,flag,log_rec_size,log_rec_pos,operate,log_file_name
2020-06-01 10:55:39.749 INFO RunJob run 70260 main 123 RUN_LOOP SUCCESS ->insert success
2020-06-01 10:55:52.189 INFO RunJob run 82700 main 107 RUN_LOOP WAITING
2020-06-01 10:56:13.024 INFO RunJob run 103535 main 117 RUN_LOOP CYCLING ->entriesSize=2, batchId=264
2020-06-01 10:56:13.025 INFO ConfigClass getSchemas 103536 main 119 PARSE_SCHEMAS DOING
2020-06-01 10:56:13.025 INFO ConfigClass getColumns 103536 main 155 PARSE_COLUMNS SUCCESS ->parse columns in schemas
2020-06-01 10:56:13.025 INFO ConfigClass getColumns 103536 main 155 PARSE_COLUMNS SUCCESS ->parse columns in schemas
2020-06-01 10:56:13.026 INFO ConfigClass getColumns 103537 main 155 PARSE_COLUMNS SUCCESS ->parse columns in schemas
2020-06-01 10:56:13.026 INFO ConfigClass getTables 103537 main 184 PARSE_TABLES SUCCESS ->parse tables in schemas
2020-06-01 10:56:13.026 INFO ConfigClass getColumns 103537 main 155 PARSE_COLUMNS SUCCESS ->parse columns in schemas
2020-06-01 10:56:13.026 INFO ConfigClass getTables 103537 main 184 PARSE_TABLES SUCCESS ->parse tables in schemas
2020-06-01 10:56:13.027 INFO ConfigClass getSchemas 103538 main 131 PARSE_SCHEMAS SUCCESS ->schemasNum=2
2020-06-01 10:56:13.027 INFO RunJob run 103538 main 121 RUN_LOOP INSERT ->ready to insert .....
2020-06-01 10:56:13.027 INFO RunJob insertEvent 103538 main 188 INSERT PREPARE ->traversing schemas
2020-06-01 10:56:13.027 INFO RunJob insertEvent 103538 main 199 TRAVERSE DOING ->sourceTable=fromsdfbase.asset_total, destinationTable=tosdfbase.asset_total
2020-06-01 10:56:13.028 WARN RunJob parseCondition 103539 main 401 PARSE_CONDITION FAILED -> no condition here
2020-06-01 10:56:13.028 INFO RunJob insertEvent 103539 main 206 INSERT PREPARE ->insertSize=20, mysql connection name=base20 
2020-06-01 10:56:13.029 INFO RunJob insertEvent 103540 main 218 INSERT PREPARE ->destination columns = asset_uuid,asset_principal_value,asset_interest_value,asset_recycle_date,create_time,last_modified_time,current_period,version_no,old_version,contract_uuid,active_finger_print,flagg,old_ctime,time_flag,single_loan_contract_no,outer_repayment_plan_no,etl_id,log_time,rec_time,proc_batch,flag,log_rec_size,log_rec_pos,operate,log_file_name
2020-06-01 10:56:13.029 INFO RunJob insertEvent 103540 main 199 TRAVERSE DOING ->sourceTable=fromsdfbase.con_fin_prt_inc, destinationTable=tosdfbase.con_fin_prt_inc
2020-06-01 10:56:13.029 WARN RunJob parseCondition 103540 main 401 PARSE_CONDITION FAILED -> no condition here
2020-06-01 10:56:13.030 INFO RunJob insertEvent 103541 main 206 INSERT PREPARE ->insertSize=20, mysql connection name=base20 
2020-06-01 10:56:13.030 INFO RunJob insertEvent 103541 main 218 INSERT PREPARE ->destination columns = id,loan_id,contract_uuid,version_no,core_finger_print,installments,create_time,repeated,time_flag,version_order,etl_id,log_time,rec_time,proc_batch,flag,log_rec_size,log_rec_pos,operate,log_file_name
2020-06-01 10:56:13.030 INFO RunJob insertEvent 103541 main 199 TRAVERSE DOING ->sourceTable=fromsdfbase.borrower, destinationTable=tosdfbase.borrower
2020-06-01 10:56:13.031 WARN RunJob parseCondition 103542 main 401 PARSE_CONDITION FAILED -> no condition here
2020-06-01 10:56:13.031 INFO RunJob insertEvent 103542 main 206 INSERT PREPARE ->insertSize=30, mysql connection name=base20 
2020-06-01 10:56:13.031 INFO RunJob insertEvent 103542 main 218 INSERT PREPARE ->destination columns = id,borrower_uuid,borrower_name,certificate_type,certificate_no,gmt_create,etl_id,log_time,rec_time,proc_batch,flag,log_rec_size,log_rec_pos,operate,log_file_name
2020-06-01 10:56:13.032 INFO RunJob insertEvent 103543 main 199 TRAVERSE DOING ->sourceTable=fromlocalbase.fromlocaltable, destinationTable=tosdfbase.borrower
2020-06-01 10:56:13.032 WARN RunJob parseCondition 103543 main 401 PARSE_CONDITION FAILED -> no condition here
2020-06-01 10:56:13.032 INFO RunJob insertEvent 103543 main 206 INSERT PREPARE ->insertSize=30, mysql connection name=base20 
2020-06-01 10:56:13.033 INFO RunJob insertEvent 103544 main 218 INSERT PREPARE ->destination columns = age,etl_id,log_time,rec_time,proc_batch,flag,log_rec_size,log_rec_pos,operate,log_file_name
2020-06-01 10:56:13.033 INFO RunJob run 103544 main 123 RUN_LOOP SUCCESS ->insert success
2020-06-01 10:56:21.357 INFO RunJob run 111868 main 117 RUN_LOOP CYCLING ->entriesSize=2, batchId=265
2020-06-01 10:56:21.357 INFO ConfigClass getSchemas 111868 main 119 PARSE_SCHEMAS DOING
2020-06-01 10:56:21.357 INFO ConfigClass getColumns 111868 main 155 PARSE_COLUMNS SUCCESS ->parse columns in schemas
2020-06-01 10:56:21.357 INFO ConfigClass getColumns 111868 main 155 PARSE_COLUMNS SUCCESS ->parse columns in schemas
2020-06-01 10:56:21.357 INFO ConfigClass getColumns 111868 main 155 PARSE_COLUMNS SUCCESS ->parse columns in schemas
2020-06-01 10:56:21.357 INFO ConfigClass getTables 111868 main 184 PARSE_TABLES SUCCESS ->parse tables in schemas
2020-06-01 10:56:21.357 INFO ConfigClass getColumns 111868 main 155 PARSE_COLUMNS SUCCESS ->parse columns in schemas
2020-06-01 10:56:21.358 INFO ConfigClass getTables 111869 main 184 PARSE_TABLES SUCCESS ->parse tables in schemas
2020-06-01 10:56:21.358 INFO ConfigClass getSchemas 111869 main 131 PARSE_SCHEMAS SUCCESS ->schemasNum=2
2020-06-01 10:56:21.358 INFO RunJob run 111869 main 121 RUN_LOOP INSERT ->ready to insert .....
2020-06-01 10:56:21.358 INFO RunJob insertEvent 111869 main 188 INSERT PREPARE ->traversing schemas
2020-06-01 10:56:21.358 INFO RunJob insertEvent 111869 main 199 TRAVERSE DOING ->sourceTable=fromsdfbase.asset_total, destinationTable=tosdfbase.asset_total
2020-06-01 10:56:21.358 WARN RunJob parseCondition 111869 main 401 PARSE_CONDITION FAILED -> no condition here
2020-06-01 10:56:21.359 INFO RunJob insertEvent 111870 main 206 INSERT PREPARE ->insertSize=20, mysql connection name=base20 
2020-06-01 10:56:21.359 INFO RunJob insertEvent 111870 main 218 INSERT PREPARE ->destination columns = asset_uuid,asset_principal_value,asset_interest_value,asset_recycle_date,create_time,last_modified_time,current_period,version_no,old_version,contract_uuid,active_finger_print,flagg,old_ctime,time_flag,single_loan_contract_no,outer_repayment_plan_no,etl_id,log_time,rec_time,proc_batch,flag,log_rec_size,log_rec_pos,operate,log_file_name
2020-06-01 10:56:21.359 INFO RunJob insertEvent 111870 main 199 TRAVERSE DOING ->sourceTable=fromsdfbase.con_fin_prt_inc, destinationTable=tosdfbase.con_fin_prt_inc
2020-06-01 10:56:21.359 WARN RunJob parseCondition 111870 main 401 PARSE_CONDITION FAILED -> no condition here
2020-06-01 10:56:21.359 INFO RunJob insertEvent 111870 main 206 INSERT PREPARE ->insertSize=20, mysql connection name=base20 
2020-06-01 10:56:21.360 INFO RunJob insertEvent 111871 main 218 INSERT PREPARE ->destination columns = id,loan_id,contract_uuid,version_no,core_finger_print,installments,create_time,repeated,time_flag,version_order,etl_id,log_time,rec_time,proc_batch,flag,log_rec_size,log_rec_pos,operate,log_file_name
2020-06-01 10:56:21.360 INFO RunJob insertEvent 111871 main 199 TRAVERSE DOING ->sourceTable=fromsdfbase.borrower, destinationTable=tosdfbase.borrower
2020-06-01 10:56:21.360 WARN RunJob parseCondition 111871 main 401 PARSE_CONDITION FAILED -> no condition here
2020-06-01 10:56:21.360 INFO RunJob insertEvent 111871 main 206 INSERT PREPARE ->insertSize=30, mysql connection name=base20 
2020-06-01 10:56:21.361 INFO RunJob insertEvent 111872 main 218 INSERT PREPARE ->destination columns = id,borrower_uuid,borrower_name,certificate_type,certificate_no,gmt_create,etl_id,log_time,rec_time,proc_batch,flag,log_rec_size,log_rec_pos,operate,log_file_name
2020-06-01 10:56:21.361 INFO RunJob insertEvent 111872 main 199 TRAVERSE DOING ->sourceTable=fromlocalbase.fromlocaltable, destinationTable=tosdfbase.borrower
2020-06-01 10:56:21.361 WARN RunJob parseCondition 111872 main 401 PARSE_CONDITION FAILED -> no condition here
2020-06-01 10:56:21.362 INFO RunJob insertEvent 111873 main 206 INSERT PREPARE ->insertSize=30, mysql connection name=base20 
2020-06-01 10:56:21.362 INFO RunJob insertEvent 111873 main 218 INSERT PREPARE ->destination columns = age,etl_id,log_time,rec_time,proc_batch,flag,log_rec_size,log_rec_pos,operate,log_file_name
2020-06-01 10:56:21.362 INFO RunJob run 111873 main 123 RUN_LOOP SUCCESS ->insert success
2020-06-01 10:56:27.616 INFO RunJob run 118127 main 117 RUN_LOOP CYCLING ->entriesSize=3, batchId=266
2020-06-01 10:56:27.617 INFO ConfigClass getSchemas 118128 main 119 PARSE_SCHEMAS DOING
2020-06-01 10:56:27.617 INFO ConfigClass getColumns 118128 main 155 PARSE_COLUMNS SUCCESS ->parse columns in schemas
2020-06-01 10:56:27.617 INFO ConfigClass getColumns 118128 main 155 PARSE_COLUMNS SUCCESS ->parse columns in schemas
2020-06-01 10:56:27.618 INFO ConfigClass getColumns 118129 main 155 PARSE_COLUMNS SUCCESS ->parse columns in schemas
2020-06-01 10:56:27.618 INFO ConfigClass getTables 118129 main 184 PARSE_TABLES SUCCESS ->parse tables in schemas
2020-06-01 10:56:27.618 INFO ConfigClass getColumns 118129 main 155 PARSE_COLUMNS SUCCESS ->parse columns in schemas
2020-06-01 10:56:27.618 INFO ConfigClass getTables 118129 main 184 PARSE_TABLES SUCCESS ->parse tables in schemas
2020-06-01 10:56:27.618 INFO ConfigClass getSchemas 118129 main 131 PARSE_SCHEMAS SUCCESS ->schemasNum=2
2020-06-01 10:56:27.618 INFO RunJob run 118129 main 121 RUN_LOOP INSERT ->ready to insert .....
2020-06-01 10:56:27.618 INFO RunJob insertEvent 118129 main 188 INSERT PREPARE ->traversing schemas
2020-06-01 10:56:27.619 INFO RunJob insertEvent 118130 main 199 TRAVERSE DOING ->sourceTable=fromsdfbase.asset_total, destinationTable=tosdfbase.asset_total
2020-06-01 10:56:27.619 WARN RunJob parseCondition 118130 main 401 PARSE_CONDITION FAILED -> no condition here
2020-06-01 10:56:27.620 INFO RunJob insertEvent 118131 main 206 INSERT PREPARE ->insertSize=20, mysql connection name=base20 
2020-06-01 10:56:27.620 INFO RunJob insertEvent 118131 main 218 INSERT PREPARE ->destination columns = asset_uuid,asset_principal_value,asset_interest_value,asset_recycle_date,create_time,last_modified_time,current_period,version_no,old_version,contract_uuid,active_finger_print,flagg,old_ctime,time_flag,single_loan_contract_no,outer_repayment_plan_no,etl_id,log_time,rec_time,proc_batch,flag,log_rec_size,log_rec_pos,operate,log_file_name
2020-06-01 10:56:27.620 INFO RunJob insertEvent 118131 main 199 TRAVERSE DOING ->sourceTable=fromsdfbase.con_fin_prt_inc, destinationTable=tosdfbase.con_fin_prt_inc
2020-06-01 10:56:27.621 WARN RunJob parseCondition 118132 main 401 PARSE_CONDITION FAILED -> no condition here
2020-06-01 10:56:27.621 INFO RunJob insertEvent 118132 main 206 INSERT PREPARE ->insertSize=20, mysql connection name=base20 
2020-06-01 10:56:27.622 INFO RunJob insertEvent 118133 main 218 INSERT PREPARE ->destination columns = id,loan_id,contract_uuid,version_no,core_finger_print,installments,create_time,repeated,time_flag,version_order,etl_id,log_time,rec_time,proc_batch,flag,log_rec_size,log_rec_pos,operate,log_file_name
2020-06-01 10:56:27.622 INFO RunJob insertEvent 118133 main 272 PARSE_ENTRY DOING -> eventType=INSERT, logTime=1590980186000, bin-log position=609796, databaseName=fromsdfbase, tableName=con_fin_prt_inc
2020-06-01 10:56:27.623 WARN RunJob insertEvent 118134 main 295 PARSE_EXPRESSION FAILED -> caused by missing condition, ignore it
2020-06-01 10:56:27.623 INFO RunJob insertEvent 118134 main 350 INSERT PREPARE ->valueRows does't match the insertSize
2020-06-01 10:56:27.624 INFO RunJob executeInsert 118135 main 430 GET_MYSQLCONN DOING ->connect args=mycanal:1111@111.231.66.20:3306/tosdfbase
2020-06-01 10:56:27.769 INFO RunJob executeInsert 118280 main 441 GET_MYSQLCONN SUCCESS
2020-06-01 10:56:27.770 INFO RunJob executeInsert 118281 main 447 INSERT PREPARE ->sql=replace into tosdfbase.con_fin_prt_inc(id,loan_id,contract_uuid,version_no,core_finger_print,installments,create_time,repeated,time_flag,version_order,etl_id,log_time,rec_time,proc_batch,flag,log_rec_size,log_rec_pos,operate,log_file_name) values("151","144217791992433235","7c278e0e-a3b3-11ea-b5ee-5254004c9a2c","-55678671","2f07ec4167896f264f11e3a7a7eec19d","12","2019-04-09 17:58:34.000000","1","1566553320","1","418b47b94c8d4b48af608df8cd35ff23","323718","2020-06-01 10:56:27623","1590980186000","0","550","609796","0","2053088980");
2020-06-01 10:56:27.820 INFO RunJob executeInsert 118331 main 454 INSERT SUCCESS
2020-06-01 10:56:27.820 INFO RunJob insertEvent 118331 main 199 TRAVERSE DOING ->sourceTable=fromsdfbase.borrower, destinationTable=tosdfbase.borrower
2020-06-01 10:56:27.821 WARN RunJob parseCondition 118332 main 401 PARSE_CONDITION FAILED -> no condition here
2020-06-01 10:56:27.821 INFO RunJob insertEvent 118332 main 206 INSERT PREPARE ->insertSize=30, mysql connection name=base20 
2020-06-01 10:56:27.821 INFO RunJob insertEvent 118332 main 218 INSERT PREPARE ->destination columns = id,borrower_uuid,borrower_name,certificate_type,certificate_no,gmt_create,etl_id,log_time,rec_time,proc_batch,flag,log_rec_size,log_rec_pos,operate,log_file_name
2020-06-01 10:56:27.822 INFO RunJob insertEvent 118333 main 199 TRAVERSE DOING ->sourceTable=fromlocalbase.fromlocaltable, destinationTable=tosdfbase.borrower
2020-06-01 10:56:27.822 WARN RunJob parseCondition 118333 main 401 PARSE_CONDITION FAILED -> no condition here
2020-06-01 10:56:27.822 INFO RunJob insertEvent 118333 main 206 INSERT PREPARE ->insertSize=30, mysql connection name=base20 
2020-06-01 10:56:27.823 INFO RunJob insertEvent 118334 main 218 INSERT PREPARE ->destination columns = age,etl_id,log_time,rec_time,proc_batch,flag,log_rec_size,log_rec_pos,operate,log_file_name
2020-06-01 10:56:27.823 INFO RunJob run 118334 main 123 RUN_LOOP SUCCESS ->insert success
2020-06-01 10:56:27.887 INFO RunJob run 118398 main 117 RUN_LOOP CYCLING ->entriesSize=2, batchId=267
2020-06-01 10:56:27.887 INFO ConfigClass getSchemas 118398 main 119 PARSE_SCHEMAS DOING
2020-06-01 10:56:27.887 INFO ConfigClass getColumns 118398 main 155 PARSE_COLUMNS SUCCESS ->parse columns in schemas
2020-06-01 10:56:27.887 INFO ConfigClass getColumns 118398 main 155 PARSE_COLUMNS SUCCESS ->parse columns in schemas
2020-06-01 10:56:27.887 INFO ConfigClass getColumns 118398 main 155 PARSE_COLUMNS SUCCESS ->parse columns in schemas
2020-06-01 10:56:27.887 INFO ConfigClass getTables 118398 main 184 PARSE_TABLES SUCCESS ->parse tables in schemas
2020-06-01 10:56:27.887 INFO ConfigClass getColumns 118398 main 155 PARSE_COLUMNS SUCCESS ->parse columns in schemas
2020-06-01 10:56:27.887 INFO ConfigClass getTables 118398 main 184 PARSE_TABLES SUCCESS ->parse tables in schemas
2020-06-01 10:56:27.887 INFO ConfigClass getSchemas 118398 main 131 PARSE_SCHEMAS SUCCESS ->schemasNum=2
2020-06-01 10:56:27.887 INFO RunJob run 118398 main 121 RUN_LOOP INSERT ->ready to insert .....
2020-06-01 10:56:27.887 INFO RunJob insertEvent 118398 main 188 INSERT PREPARE ->traversing schemas
2020-06-01 10:56:27.887 INFO RunJob insertEvent 118398 main 199 TRAVERSE DOING ->sourceTable=fromsdfbase.asset_total, destinationTable=tosdfbase.asset_total
2020-06-01 10:56:27.888 WARN RunJob parseCondition 118399 main 401 PARSE_CONDITION FAILED -> no condition here
2020-06-01 10:56:27.888 INFO RunJob insertEvent 118399 main 206 INSERT PREPARE ->insertSize=20, mysql connection name=base20 
2020-06-01 10:56:27.888 INFO RunJob insertEvent 118399 main 218 INSERT PREPARE ->destination columns = asset_uuid,asset_principal_value,asset_interest_value,asset_recycle_date,create_time,last_modified_time,current_period,version_no,old_version,contract_uuid,active_finger_print,flagg,old_ctime,time_flag,single_loan_contract_no,outer_repayment_plan_no,etl_id,log_time,rec_time,proc_batch,flag,log_rec_size,log_rec_pos,operate,log_file_name
2020-06-01 10:56:27.888 INFO RunJob insertEvent 118399 main 199 TRAVERSE DOING ->sourceTable=fromsdfbase.con_fin_prt_inc, destinationTable=tosdfbase.con_fin_prt_inc
2020-06-01 10:56:27.889 WARN RunJob parseCondition 118400 main 401 PARSE_CONDITION FAILED -> no condition here
2020-06-01 10:56:27.889 INFO RunJob insertEvent 118400 main 206 INSERT PREPARE ->insertSize=20, mysql connection name=base20 
2020-06-01 10:56:27.889 INFO RunJob insertEvent 118400 main 218 INSERT PREPARE ->destination columns = id,loan_id,contract_uuid,version_no,core_finger_print,installments,create_time,repeated,time_flag,version_order,etl_id,log_time,rec_time,proc_batch,flag,log_rec_size,log_rec_pos,operate,log_file_name
2020-06-01 10:56:27.889 INFO RunJob insertEvent 118400 main 199 TRAVERSE DOING ->sourceTable=fromsdfbase.borrower, destinationTable=tosdfbase.borrower
2020-06-01 10:56:27.890 WARN RunJob parseCondition 118401 main 401 PARSE_CONDITION FAILED -> no condition here
2020-06-01 10:56:27.890 INFO RunJob insertEvent 118401 main 206 INSERT PREPARE ->insertSize=30, mysql connection name=base20 
2020-06-01 10:56:27.890 INFO RunJob insertEvent 118401 main 218 INSERT PREPARE ->destination columns = id,borrower_uuid,borrower_name,certificate_type,certificate_no,gmt_create,etl_id,log_time,rec_time,proc_batch,flag,log_rec_size,log_rec_pos,operate,log_file_name
2020-06-01 10:56:27.890 INFO RunJob insertEvent 118401 main 199 TRAVERSE DOING ->sourceTable=fromlocalbase.fromlocaltable, destinationTable=tosdfbase.borrower
2020-06-01 10:56:27.890 WARN RunJob parseCondition 118401 main 401 PARSE_CONDITION FAILED -> no condition here
2020-06-01 10:56:27.890 INFO RunJob insertEvent 118401 main 206 INSERT PREPARE ->insertSize=30, mysql connection name=base20 
2020-06-01 10:56:27.891 INFO RunJob insertEvent 118402 main 218 INSERT PREPARE ->destination columns = age,etl_id,log_time,rec_time,proc_batch,flag,log_rec_size,log_rec_pos,operate,log_file_name
2020-06-01 10:56:27.891 INFO RunJob run 118402 main 123 RUN_LOOP SUCCESS ->insert success
2020-06-01 10:56:34.144 INFO RunJob run 124655 main 107 RUN_LOOP WAITING
2020-06-01 10:57:15.393 INFO RunJob run 165904 main 107 RUN_LOOP WAITING
2020-06-01 10:57:56.643 INFO RunJob run 207154 main 107 RUN_LOOP WAITING
2020-06-01 10:58:37.906 INFO RunJob run 248417 main 107 RUN_LOOP WAITING
2020-06-01 10:59:19.155 INFO RunJob run 289666 main 107 RUN_LOOP WAITING
2020-06-01 11:08:23.963 INFO MainStart main 0 main 19 BEGIN_JOB DOING ->******************* THE JOB IS RUNNING *******************
2020-06-01 11:08:23.967 INFO MainStart main 4 main 52 INITIAL_JOB DOING
2020-06-01 11:08:23.979 INFO RunJob <init> 16 main 36 INITIAL_CONFIG DOING ->schemaPath=D:\programs\canal_pro\src\main\resources\schema1.xml,mysqlConnStr=mysql#base20=mycanal:1111@111.231.66.20:3306/tosdfbase,canalUrl=111.231.66.20:11111/example1,batchSize=1000
2020-06-01 11:08:23.986 INFO ConfigClass <init> 23 main 39 READ_FILE DOING ->reading schema file path=D:\programs\canal_pro\src\main\resources\schema1.xml
2020-06-01 11:08:23.987 INFO ConfigClass <init> 24 main 43 PROC_FILE DOING
2020-06-01 11:08:24.064 INFO ConfigClass <init> 101 main 61 PARSE_CANALURL DOING
2020-06-01 11:08:24.066 INFO ConfigClass <init> 103 main 66 PARSE_CANALURL SUCCESS
2020-06-01 11:08:24.066 INFO ConfigClass <init> 103 main 78 PARSE_MYSQLCONN DOING ->mysqlConnStr=mysql#base20=mycanal:1111@111.231.66.20:3306/tosdfbase
2020-06-01 11:08:24.067 INFO ConfigClass <init> 104 main 92 - - ->one connection prepared, url=base20:111.231.66.20:3306/tosdfbase
2020-06-01 11:08:24.067 INFO ConfigClass <init> 104 main 94 PARSE_MYSQLCONN SUCCESS
2020-06-01 11:08:24.067 INFO RunJob <init> 104 main 40 INITIAL_CONFIG SUCCESS
2020-06-01 11:08:24.067 INFO MainStart main 104 main 54 INITIAL_JOB SUCCESS
2020-06-01 11:08:24.067 INFO RunJob run 104 main 51 RUN_CORE DOING ->******************* THE CORE IS RUNNING ******************* 
2020-06-01 11:08:24.068 INFO RunJob run 105 main 55 INITIAL_CANALCONN DOING ->canalIp=111.231.66.20;canalPort=11111;canalDesti=example1
2020-06-01 11:08:24.079 INFO RunJob run 116 main 73 INITIAL_CANALCONN SUCCESS
2020-06-01 11:08:24.213 INFO ConfigClass getSubscribeStr 250 main 225 PARSE_FILTER SUCCESS ->filter=fromsdfbase.asset_total,fromsdfbase.con_fin_prt_inc,fromsdfbase.borrower,fromlocalbase.fromlocaltable
2020-06-01 11:08:24.274 INFO RunJob run 311 main 93 CONNECT_CANAL SUCCESS ->******************* CANAL CONNECTED *******************
2020-06-01 11:08:24.275 INFO RunJob run 312 main 96 RUN_LOOP DOING ->ready to get batchSize=1000
2020-06-01 11:08:34.759 INFO RunJob run 10796 main 117 RUN_LOOP CYCLING ->entriesSize=3, batchId=268
2020-06-01 11:08:34.767 INFO ConfigClass getSchemas 10804 main 119 PARSE_SCHEMAS DOING
2020-06-01 11:08:34.768 INFO ConfigClass getColumns 10805 main 155 PARSE_COLUMNS SUCCESS ->parse columns in schemas
2020-06-01 11:08:34.768 INFO ConfigClass getColumns 10805 main 155 PARSE_COLUMNS SUCCESS ->parse columns in schemas
2020-06-01 11:08:34.769 INFO ConfigClass getColumns 10806 main 155 PARSE_COLUMNS SUCCESS ->parse columns in schemas
2020-06-01 11:08:34.769 INFO ConfigClass getTables 10806 main 184 PARSE_TABLES SUCCESS ->parse tables in schemas
2020-06-01 11:08:34.769 INFO ConfigClass getColumns 10806 main 155 PARSE_COLUMNS SUCCESS ->parse columns in schemas
2020-06-01 11:08:34.770 INFO ConfigClass getTables 10807 main 184 PARSE_TABLES SUCCESS ->parse tables in schemas
2020-06-01 11:08:34.770 INFO ConfigClass getSchemas 10807 main 131 PARSE_SCHEMAS SUCCESS ->schemasNum=2
2020-06-01 11:08:34.770 INFO RunJob run 10807 main 121 RUN_LOOP INSERT ->ready to insert .....
2020-06-01 11:08:34.771 INFO RunJob insertEvent 10808 main 188 INSERT PREPARE ->traversing schemas
2020-06-01 11:08:34.772 INFO RunJob insertEvent 10809 main 199 TRAVERSE DOING ->sourceTable=fromsdfbase.asset_total, destinationTable=tosdfbase.asset_total
2020-06-01 11:08:34.836 WARN RunJob parseCondition 10873 main 401 PARSE_CONDITION FAILED -> no condition here
2020-06-01 11:08:34.836 INFO RunJob insertEvent 10873 main 206 INSERT PREPARE ->insertSize=20, mysql connection name=base20 
2020-06-01 11:08:34.836 INFO RunJob insertEvent 10873 main 218 INSERT PREPARE ->destination columns = asset_uuid,asset_principal_value,asset_interest_value,asset_recycle_date,create_time,last_modified_time,current_period,version_no,old_version,contract_uuid,active_finger_print,flagg,old_ctime,time_flag,single_loan_contract_no,outer_repayment_plan_no,etl_id,log_time,rec_time,proc_batch,flag,log_rec_size,log_rec_pos,operate,log_file_name
2020-06-01 11:08:34.838 INFO RunJob insertEvent 10875 main 199 TRAVERSE DOING ->sourceTable=fromsdfbase.con_fin_prt_inc, destinationTable=tosdfbase.con_fin_prt_inc
2020-06-01 11:08:34.838 WARN RunJob parseCondition 10875 main 401 PARSE_CONDITION FAILED -> no condition here
2020-06-01 11:08:34.838 INFO RunJob insertEvent 10875 main 206 INSERT PREPARE ->insertSize=20, mysql connection name=base20 
2020-06-01 11:08:34.839 INFO RunJob insertEvent 10876 main 218 INSERT PREPARE ->destination columns = id,loan_id,contract_uuid,version_no,core_finger_print,installments,create_time,repeated,time_flag,version_order,etl_id,log_time,rec_time,proc_batch,flag,log_rec_size,log_rec_pos,operate,log_file_name
2020-06-01 11:08:34.839 INFO RunJob insertEvent 10876 main 272 PARSE_ENTRY DOING -> eventType=INSERT, logTime=1590980913000, bin-log position=610713, databaseName=fromsdfbase, tableName=con_fin_prt_inc
2020-06-01 11:08:34.839 WARN RunJob insertEvent 10876 main 295 PARSE_EXPRESSION FAILED -> caused by missing condition, ignore it
2020-06-01 11:08:35.255 INFO RunJob insertEvent 11292 main 350 INSERT PREPARE ->valueRows does't match the insertSize
2020-06-01 11:08:35.255 INFO RunJob executeInsert 11292 main 430 GET_MYSQLCONN DOING ->connect args=mycanal:1111@111.231.66.20:3306/tosdfbase
2020-06-01 11:08:35.884 INFO RunJob executeInsert 11921 main 441 GET_MYSQLCONN SUCCESS
2020-06-01 11:08:35.889 INFO RunJob executeInsert 11926 main 447 INSERT PREPARE ->sql=replace into tosdfbase.con_fin_prt_inc(id,loan_id,contract_uuid,version_no,core_finger_print,installments,create_time,repeated,time_flag,version_order,etl_id,log_time,rec_time,proc_batch,flag,log_rec_size,log_rec_pos,operate,log_file_name) values("152","144217791992433235","2da58cee-a3b5-11ea-b5ee-5254004c9a2c","-55678671","2f07ec4167896f264f11e3a7a7eec19d","12","2019-04-09 17:58:34.000000","1","1566553320","1","58fafcc61aa247f08480f64f1e776e54","323973","2020-06-01 11:08:35255","1590980913000","0","550","610713","0","2053088980");
2020-06-01 11:08:35.938 INFO RunJob executeInsert 11975 main 454 INSERT SUCCESS
2020-06-01 11:08:35.942 INFO RunJob insertEvent 11979 main 199 TRAVERSE DOING ->sourceTable=fromsdfbase.borrower, destinationTable=tosdfbase.borrower
2020-06-01 11:08:35.943 WARN RunJob parseCondition 11980 main 401 PARSE_CONDITION FAILED -> no condition here
2020-06-01 11:08:35.944 INFO RunJob insertEvent 11981 main 206 INSERT PREPARE ->insertSize=30, mysql connection name=base20 
2020-06-01 11:08:35.945 INFO RunJob insertEvent 11982 main 218 INSERT PREPARE ->destination columns = id,borrower_uuid,borrower_name,certificate_type,certificate_no,gmt_create,etl_id,log_time,rec_time,proc_batch,flag,log_rec_size,log_rec_pos,operate,log_file_name
2020-06-01 11:08:35.947 INFO RunJob insertEvent 11984 main 199 TRAVERSE DOING ->sourceTable=fromlocalbase.fromlocaltable, destinationTable=tosdfbase.borrower
2020-06-01 11:08:35.949 WARN RunJob parseCondition 11986 main 401 PARSE_CONDITION FAILED -> no condition here
2020-06-01 11:08:35.950 INFO RunJob insertEvent 11987 main 206 INSERT PREPARE ->insertSize=30, mysql connection name=base20 
2020-06-01 11:08:35.951 INFO RunJob insertEvent 11988 main 218 INSERT PREPARE ->destination columns = age,etl_id,log_time,rec_time,proc_batch,flag,log_rec_size,log_rec_pos,operate,log_file_name
2020-06-01 11:08:35.953 INFO RunJob run 11990 main 123 RUN_LOOP SUCCESS ->insert success
2020-06-01 11:08:36.121 INFO RunJob run 12158 main 117 RUN_LOOP CYCLING ->entriesSize=2, batchId=269
2020-06-01 11:08:36.122 INFO ConfigClass getSchemas 12159 main 119 PARSE_SCHEMAS DOING
2020-06-01 11:08:36.122 INFO ConfigClass getColumns 12159 main 155 PARSE_COLUMNS SUCCESS ->parse columns in schemas
2020-06-01 11:08:36.123 INFO ConfigClass getColumns 12160 main 155 PARSE_COLUMNS SUCCESS ->parse columns in schemas
2020-06-01 11:08:36.123 INFO ConfigClass getColumns 12160 main 155 PARSE_COLUMNS SUCCESS ->parse columns in schemas
2020-06-01 11:08:36.124 INFO ConfigClass getTables 12161 main 184 PARSE_TABLES SUCCESS ->parse tables in schemas
2020-06-01 11:08:36.124 INFO ConfigClass getColumns 12161 main 155 PARSE_COLUMNS SUCCESS ->parse columns in schemas
2020-06-01 11:08:36.125 INFO ConfigClass getTables 12162 main 184 PARSE_TABLES SUCCESS ->parse tables in schemas
2020-06-01 11:08:36.125 INFO ConfigClass getSchemas 12162 main 131 PARSE_SCHEMAS SUCCESS ->schemasNum=2
2020-06-01 11:08:36.125 INFO RunJob run 12162 main 121 RUN_LOOP INSERT ->ready to insert .....
2020-06-01 11:08:36.125 INFO RunJob insertEvent 12162 main 188 INSERT PREPARE ->traversing schemas
2020-06-01 11:08:36.126 INFO RunJob insertEvent 12163 main 199 TRAVERSE DOING ->sourceTable=fromsdfbase.asset_total, destinationTable=tosdfbase.asset_total
2020-06-01 11:08:36.127 WARN RunJob parseCondition 12164 main 401 PARSE_CONDITION FAILED -> no condition here
2020-06-01 11:08:36.128 INFO RunJob insertEvent 12165 main 206 INSERT PREPARE ->insertSize=20, mysql connection name=base20 
2020-06-01 11:08:36.128 INFO RunJob insertEvent 12165 main 218 INSERT PREPARE ->destination columns = asset_uuid,asset_principal_value,asset_interest_value,asset_recycle_date,create_time,last_modified_time,current_period,version_no,old_version,contract_uuid,active_finger_print,flagg,old_ctime,time_flag,single_loan_contract_no,outer_repayment_plan_no,etl_id,log_time,rec_time,proc_batch,flag,log_rec_size,log_rec_pos,operate,log_file_name
2020-06-01 11:08:36.128 INFO RunJob insertEvent 12165 main 199 TRAVERSE DOING ->sourceTable=fromsdfbase.con_fin_prt_inc, destinationTable=tosdfbase.con_fin_prt_inc
2020-06-01 11:08:36.130 WARN RunJob parseCondition 12167 main 401 PARSE_CONDITION FAILED -> no condition here
2020-06-01 11:08:36.130 INFO RunJob insertEvent 12167 main 206 INSERT PREPARE ->insertSize=20, mysql connection name=base20 
2020-06-01 11:08:36.131 INFO RunJob insertEvent 12168 main 218 INSERT PREPARE ->destination columns = id,loan_id,contract_uuid,version_no,core_finger_print,installments,create_time,repeated,time_flag,version_order,etl_id,log_time,rec_time,proc_batch,flag,log_rec_size,log_rec_pos,operate,log_file_name
2020-06-01 11:08:36.131 INFO RunJob insertEvent 12168 main 199 TRAVERSE DOING ->sourceTable=fromsdfbase.borrower, destinationTable=tosdfbase.borrower
2020-06-01 11:08:36.133 WARN RunJob parseCondition 12170 main 401 PARSE_CONDITION FAILED -> no condition here
2020-06-01 11:08:36.133 INFO RunJob insertEvent 12170 main 206 INSERT PREPARE ->insertSize=30, mysql connection name=base20 
2020-06-01 11:08:36.134 INFO RunJob insertEvent 12171 main 218 INSERT PREPARE ->destination columns = id,borrower_uuid,borrower_name,certificate_type,certificate_no,gmt_create,etl_id,log_time,rec_time,proc_batch,flag,log_rec_size,log_rec_pos,operate,log_file_name
2020-06-01 11:08:36.134 INFO RunJob insertEvent 12171 main 199 TRAVERSE DOING ->sourceTable=fromlocalbase.fromlocaltable, destinationTable=tosdfbase.borrower
2020-06-01 11:08:36.135 WARN RunJob parseCondition 12172 main 401 PARSE_CONDITION FAILED -> no condition here
2020-06-01 11:08:36.136 INFO RunJob insertEvent 12173 main 206 INSERT PREPARE ->insertSize=30, mysql connection name=base20 
2020-06-01 11:08:36.136 INFO RunJob insertEvent 12173 main 218 INSERT PREPARE ->destination columns = age,etl_id,log_time,rec_time,proc_batch,flag,log_rec_size,log_rec_pos,operate,log_file_name
2020-06-01 11:08:36.137 INFO RunJob run 12174 main 123 RUN_LOOP SUCCESS ->insert success
2020-06-01 11:09:05.336 INFO RunJob run 41373 main 107 RUN_LOOP WAITING
